mode: atomic
github.com/krateoplatformops/oasgen-provider/main.go:29.13,47.12 14 0
github.com/krateoplatformops/oasgen-provider/main.go:47.12,49.3 1 0
github.com/krateoplatformops/oasgen-provider/main.go:51.2,51.42 1 0
github.com/krateoplatformops/oasgen-provider/main.go:51.42,54.3 2 0
github.com/krateoplatformops/oasgen-provider/main.go:54.8,54.70 1 0
github.com/krateoplatformops/oasgen-provider/main.go:54.70,59.3 3 0
github.com/krateoplatformops/oasgen-provider/main.go:61.2,61.72 1 0
github.com/krateoplatformops/oasgen-provider/main.go:61.72,66.3 3 0
github.com/krateoplatformops/oasgen-provider/main.go:68.2,71.16 3 0
github.com/krateoplatformops/oasgen-provider/main.go:71.16,73.3 1 0
github.com/krateoplatformops/oasgen-provider/main.go:75.2,85.16 2 0
github.com/krateoplatformops/oasgen-provider/main.go:85.16,87.3 1 0
github.com/krateoplatformops/oasgen-provider/main.go:89.2,96.58 2 0
github.com/krateoplatformops/oasgen-provider/main.go:96.58,98.3 1 0
github.com/krateoplatformops/oasgen-provider/main.go:99.2,99.50 1 0
github.com/krateoplatformops/oasgen-provider/main.go:99.50,101.3 1 0
github.com/krateoplatformops/oasgen-provider/main.go:102.2,102.61 1 0
github.com/krateoplatformops/oasgen-provider/main.go:102.61,104.3 1 0
github.com/krateoplatformops/oasgen-provider/apis/apis.go:10.13,16.2 1 0
github.com/krateoplatformops/oasgen-provider/apis/apis.go:22.43,24.2 1 0
github.com/krateoplatformops/oasgen-provider/apis/restdefinitions/v1alpha1/groupversion_info.go:35.13,37.2 1 0
github.com/krateoplatformops/oasgen-provider/apis/restdefinitions/v1alpha1/managed_list.go:6.60,8.25 2 0
github.com/krateoplatformops/oasgen-provider/apis/restdefinitions/v1alpha1/managed_list.go:8.25,10.3 1 0
github.com/krateoplatformops/oasgen-provider/apis/restdefinitions/v1alpha1/managed_list.go:11.2,11.14 1 0
github.com/krateoplatformops/oasgen-provider/apis/restdefinitions/v1alpha1/types.go:115.78,117.2 1 0
github.com/krateoplatformops/oasgen-provider/apis/restdefinitions/v1alpha1/types.go:120.62,122.2 1 0
github.com/krateoplatformops/oasgen-provider/apis/restdefinitions/v1alpha1/zz_generated.deepcopy.go:28.61,30.2 1 0
github.com/krateoplatformops/oasgen-provider/apis/restdefinitions/v1alpha1/zz_generated.deepcopy.go:33.54,34.15 1 0
github.com/krateoplatformops/oasgen-provider/apis/restdefinitions/v1alpha1/zz_generated.deepcopy.go:34.15,36.3 1 0
github.com/krateoplatformops/oasgen-provider/apis/restdefinitions/v1alpha1/zz_generated.deepcopy.go:37.2,39.12 3 0
github.com/krateoplatformops/oasgen-provider/apis/restdefinitions/v1alpha1/zz_generated.deepcopy.go:43.49,45.32 2 0
github.com/krateoplatformops/oasgen-provider/apis/restdefinitions/v1alpha1/zz_generated.deepcopy.go:45.32,49.3 3 0
github.com/krateoplatformops/oasgen-provider/apis/restdefinitions/v1alpha1/zz_generated.deepcopy.go:50.2,50.27 1 0
github.com/krateoplatformops/oasgen-provider/apis/restdefinitions/v1alpha1/zz_generated.deepcopy.go:50.27,54.3 3 0
github.com/krateoplatformops/oasgen-provider/apis/restdefinitions/v1alpha1/zz_generated.deepcopy.go:55.2,55.38 1 0
github.com/krateoplatformops/oasgen-provider/apis/restdefinitions/v1alpha1/zz_generated.deepcopy.go:55.38,59.3 3 0
github.com/krateoplatformops/oasgen-provider/apis/restdefinitions/v1alpha1/zz_generated.deepcopy.go:63.42,64.15 1 0
github.com/krateoplatformops/oasgen-provider/apis/restdefinitions/v1alpha1/zz_generated.deepcopy.go:64.15,66.3 1 0
github.com/krateoplatformops/oasgen-provider/apis/restdefinitions/v1alpha1/zz_generated.deepcopy.go:67.2,69.12 3 0
github.com/krateoplatformops/oasgen-provider/apis/restdefinitions/v1alpha1/zz_generated.deepcopy.go:73.61,79.2 5 0
github.com/krateoplatformops/oasgen-provider/apis/restdefinitions/v1alpha1/zz_generated.deepcopy.go:82.54,83.15 1 0
github.com/krateoplatformops/oasgen-provider/apis/restdefinitions/v1alpha1/zz_generated.deepcopy.go:83.15,85.3 1 0
github.com/krateoplatformops/oasgen-provider/apis/restdefinitions/v1alpha1/zz_generated.deepcopy.go:86.2,88.12 3 0
github.com/krateoplatformops/oasgen-provider/apis/restdefinitions/v1alpha1/zz_generated.deepcopy.go:92.59,93.34 1 0
github.com/krateoplatformops/oasgen-provider/apis/restdefinitions/v1alpha1/zz_generated.deepcopy.go:93.34,95.3 1 0
github.com/krateoplatformops/oasgen-provider/apis/restdefinitions/v1alpha1/zz_generated.deepcopy.go:96.2,96.12 1 0
github.com/krateoplatformops/oasgen-provider/apis/restdefinitions/v1alpha1/zz_generated.deepcopy.go:100.69,104.21 4 0
github.com/krateoplatformops/oasgen-provider/apis/restdefinitions/v1alpha1/zz_generated.deepcopy.go:104.21,107.22 3 0
github.com/krateoplatformops/oasgen-provider/apis/restdefinitions/v1alpha1/zz_generated.deepcopy.go:107.22,109.4 1 0
github.com/krateoplatformops/oasgen-provider/apis/restdefinitions/v1alpha1/zz_generated.deepcopy.go:114.62,115.15 1 0
github.com/krateoplatformops/oasgen-provider/apis/restdefinitions/v1alpha1/zz_generated.deepcopy.go:115.15,117.3 1 0
github.com/krateoplatformops/oasgen-provider/apis/restdefinitions/v1alpha1/zz_generated.deepcopy.go:118.2,120.12 3 0
github.com/krateoplatformops/oasgen-provider/apis/restdefinitions/v1alpha1/zz_generated.deepcopy.go:124.63,125.34 1 0
github.com/krateoplatformops/oasgen-provider/apis/restdefinitions/v1alpha1/zz_generated.deepcopy.go:125.34,127.3 1 0
github.com/krateoplatformops/oasgen-provider/apis/restdefinitions/v1alpha1/zz_generated.deepcopy.go:128.2,128.12 1 0
github.com/krateoplatformops/oasgen-provider/apis/restdefinitions/v1alpha1/zz_generated.deepcopy.go:132.69,135.2 2 0
github.com/krateoplatformops/oasgen-provider/apis/restdefinitions/v1alpha1/zz_generated.deepcopy.go:138.62,139.15 1 0
github.com/krateoplatformops/oasgen-provider/apis/restdefinitions/v1alpha1/zz_generated.deepcopy.go:139.15,141.3 1 0
github.com/krateoplatformops/oasgen-provider/apis/restdefinitions/v1alpha1/zz_generated.deepcopy.go:142.2,144.12 3 0
github.com/krateoplatformops/oasgen-provider/apis/restdefinitions/v1alpha1/zz_generated.deepcopy.go:148.73,152.31 4 0
github.com/krateoplatformops/oasgen-provider/apis/restdefinitions/v1alpha1/zz_generated.deepcopy.go:152.31,156.3 3 0
github.com/krateoplatformops/oasgen-provider/apis/restdefinitions/v1alpha1/zz_generated.deepcopy.go:160.66,161.15 1 0
github.com/krateoplatformops/oasgen-provider/apis/restdefinitions/v1alpha1/zz_generated.deepcopy.go:161.15,163.3 1 0
github.com/krateoplatformops/oasgen-provider/apis/restdefinitions/v1alpha1/zz_generated.deepcopy.go:164.2,166.12 3 0
github.com/krateoplatformops/oasgen-provider/apis/restdefinitions/v1alpha1/zz_generated.deepcopy.go:170.65,172.2 1 0
github.com/krateoplatformops/oasgen-provider/apis/restdefinitions/v1alpha1/zz_generated.deepcopy.go:175.58,176.15 1 0
github.com/krateoplatformops/oasgen-provider/apis/restdefinitions/v1alpha1/zz_generated.deepcopy.go:176.15,178.3 1 0
github.com/krateoplatformops/oasgen-provider/apis/restdefinitions/v1alpha1/zz_generated.deepcopy.go:179.2,181.12 3 0
github.com/krateoplatformops/oasgen-provider/internal/controllers/controllers.go:12.58,15.4 1 0
github.com/krateoplatformops/oasgen-provider/internal/controllers/controllers.go:15.4,16.39 1 0
github.com/krateoplatformops/oasgen-provider/internal/controllers/controllers.go:16.39,18.4 1 0
github.com/krateoplatformops/oasgen-provider/internal/controllers/controllers.go:20.2,20.12 1 0
github.com/krateoplatformops/oasgen-provider/internal/controllers/logger/logger.go:14.57,16.2 1 0
github.com/krateoplatformops/oasgen-provider/internal/controllers/logger/logger.go:18.58,19.15 1 0
github.com/krateoplatformops/oasgen-provider/internal/controllers/logger/logger.go:19.15,21.3 1 0
github.com/krateoplatformops/oasgen-provider/internal/controllers/logger/logger.go:23.66,28.2 1 0
github.com/krateoplatformops/oasgen-provider/internal/controllers/restdefinition/restdefinition.go:73.58,82.16 6 0
github.com/krateoplatformops/oasgen-provider/internal/controllers/restdefinition/restdefinition.go:82.16,84.3 1 0
github.com/krateoplatformops/oasgen-provider/internal/controllers/restdefinition/restdefinition.go:86.2,87.16 2 0
github.com/krateoplatformops/oasgen-provider/internal/controllers/restdefinition/restdefinition.go:87.16,89.3 1 0
github.com/krateoplatformops/oasgen-provider/internal/controllers/restdefinition/restdefinition.go:91.2,109.58 2 0
github.com/krateoplatformops/oasgen-provider/internal/controllers/restdefinition/restdefinition.go:119.106,121.9 2 1
github.com/krateoplatformops/oasgen-provider/internal/controllers/restdefinition/restdefinition.go:121.9,123.3 1 0
github.com/krateoplatformops/oasgen-provider/internal/controllers/restdefinition/restdefinition.go:124.2,138.8 5 1
github.com/krateoplatformops/oasgen-provider/internal/controllers/restdefinition/restdefinition.go:151.110,153.9 2 4
github.com/krateoplatformops/oasgen-provider/internal/controllers/restdefinition/restdefinition.go:153.9,155.3 1 0
github.com/krateoplatformops/oasgen-provider/internal/controllers/restdefinition/restdefinition.go:157.2,163.25 2 4
github.com/krateoplatformops/oasgen-provider/internal/controllers/restdefinition/restdefinition.go:163.25,167.42 3 0
github.com/krateoplatformops/oasgen-provider/internal/controllers/restdefinition/restdefinition.go:167.42,170.18 3 0
github.com/krateoplatformops/oasgen-provider/internal/controllers/restdefinition/restdefinition.go:170.18,172.5 1 0
github.com/krateoplatformops/oasgen-provider/internal/controllers/restdefinition/restdefinition.go:173.4,174.18 2 0
github.com/krateoplatformops/oasgen-provider/internal/controllers/restdefinition/restdefinition.go:174.18,176.5 1 0
github.com/krateoplatformops/oasgen-provider/internal/controllers/restdefinition/restdefinition.go:179.3,179.50 1 0
github.com/krateoplatformops/oasgen-provider/internal/controllers/restdefinition/restdefinition.go:179.50,183.4 3 0
github.com/krateoplatformops/oasgen-provider/internal/controllers/restdefinition/restdefinition.go:185.3,186.17 2 0
github.com/krateoplatformops/oasgen-provider/internal/controllers/restdefinition/restdefinition.go:186.17,188.4 1 0
github.com/krateoplatformops/oasgen-provider/internal/controllers/restdefinition/restdefinition.go:189.3,192.23 1 0
github.com/krateoplatformops/oasgen-provider/internal/controllers/restdefinition/restdefinition.go:195.2,196.16 2 4
github.com/krateoplatformops/oasgen-provider/internal/controllers/restdefinition/restdefinition.go:196.16,198.3 1 0
github.com/krateoplatformops/oasgen-provider/internal/controllers/restdefinition/restdefinition.go:199.2,200.16 2 4
github.com/krateoplatformops/oasgen-provider/internal/controllers/restdefinition/restdefinition.go:200.16,202.3 1 0
github.com/krateoplatformops/oasgen-provider/internal/controllers/restdefinition/restdefinition.go:204.2,208.16 4 4
github.com/krateoplatformops/oasgen-provider/internal/controllers/restdefinition/restdefinition.go:208.16,210.3 1 0
github.com/krateoplatformops/oasgen-provider/internal/controllers/restdefinition/restdefinition.go:212.2,212.12 1 4
github.com/krateoplatformops/oasgen-provider/internal/controllers/restdefinition/restdefinition.go:212.12,221.3 3 0
github.com/krateoplatformops/oasgen-provider/internal/controllers/restdefinition/restdefinition.go:222.2,230.16 5 4
github.com/krateoplatformops/oasgen-provider/internal/controllers/restdefinition/restdefinition.go:230.16,232.3 1 0
github.com/krateoplatformops/oasgen-provider/internal/controllers/restdefinition/restdefinition.go:233.2,234.16 2 4
github.com/krateoplatformops/oasgen-provider/internal/controllers/restdefinition/restdefinition.go:234.16,236.3 1 0
github.com/krateoplatformops/oasgen-provider/internal/controllers/restdefinition/restdefinition.go:237.2,237.15 1 4
github.com/krateoplatformops/oasgen-provider/internal/controllers/restdefinition/restdefinition.go:237.15,248.3 3 1
github.com/krateoplatformops/oasgen-provider/internal/controllers/restdefinition/restdefinition.go:250.2,255.18 2 3
github.com/krateoplatformops/oasgen-provider/internal/controllers/restdefinition/restdefinition.go:255.18,267.3 3 0
github.com/krateoplatformops/oasgen-provider/internal/controllers/restdefinition/restdefinition.go:268.2,284.16 3 3
github.com/krateoplatformops/oasgen-provider/internal/controllers/restdefinition/restdefinition.go:284.16,286.3 1 0
github.com/krateoplatformops/oasgen-provider/internal/controllers/restdefinition/restdefinition.go:288.2,288.29 1 3
github.com/krateoplatformops/oasgen-provider/internal/controllers/restdefinition/restdefinition.go:288.29,294.3 2 0
github.com/krateoplatformops/oasgen-provider/internal/controllers/restdefinition/restdefinition.go:296.2,297.16 2 3
github.com/krateoplatformops/oasgen-provider/internal/controllers/restdefinition/restdefinition.go:297.16,299.3 1 0
github.com/krateoplatformops/oasgen-provider/internal/controllers/restdefinition/restdefinition.go:300.2,300.29 1 3
github.com/krateoplatformops/oasgen-provider/internal/controllers/restdefinition/restdefinition.go:300.29,306.3 2 0
github.com/krateoplatformops/oasgen-provider/internal/controllers/restdefinition/restdefinition.go:308.2,309.16 2 3
github.com/krateoplatformops/oasgen-provider/internal/controllers/restdefinition/restdefinition.go:309.16,311.3 1 0
github.com/krateoplatformops/oasgen-provider/internal/controllers/restdefinition/restdefinition.go:312.2,312.41 1 3
github.com/krateoplatformops/oasgen-provider/internal/controllers/restdefinition/restdefinition.go:312.41,316.6 1 3
github.com/krateoplatformops/oasgen-provider/internal/controllers/restdefinition/restdefinition.go:316.6,321.4 1 0
github.com/krateoplatformops/oasgen-provider/internal/controllers/restdefinition/restdefinition.go:324.2,325.16 2 3
github.com/krateoplatformops/oasgen-provider/internal/controllers/restdefinition/restdefinition.go:325.16,327.3 1 0
github.com/krateoplatformops/oasgen-provider/internal/controllers/restdefinition/restdefinition.go:329.2,333.8 2 3
github.com/krateoplatformops/oasgen-provider/internal/controllers/restdefinition/restdefinition.go:336.75,338.9 2 2
github.com/krateoplatformops/oasgen-provider/internal/controllers/restdefinition/restdefinition.go:338.9,340.3 1 0
github.com/krateoplatformops/oasgen-provider/internal/controllers/restdefinition/restdefinition.go:342.2,342.50 1 2
github.com/krateoplatformops/oasgen-provider/internal/controllers/restdefinition/restdefinition.go:342.50,345.3 2 0
github.com/krateoplatformops/oasgen-provider/internal/controllers/restdefinition/restdefinition.go:347.2,348.16 2 2
github.com/krateoplatformops/oasgen-provider/internal/controllers/restdefinition/restdefinition.go:348.16,350.3 1 0
github.com/krateoplatformops/oasgen-provider/internal/controllers/restdefinition/restdefinition.go:352.2,362.16 5 2
github.com/krateoplatformops/oasgen-provider/internal/controllers/restdefinition/restdefinition.go:362.16,364.3 1 0
github.com/krateoplatformops/oasgen-provider/internal/controllers/restdefinition/restdefinition.go:366.2,366.12 1 2
github.com/krateoplatformops/oasgen-provider/internal/controllers/restdefinition/restdefinition.go:366.12,368.17 2 1
github.com/krateoplatformops/oasgen-provider/internal/controllers/restdefinition/restdefinition.go:368.17,370.4 1 0
github.com/krateoplatformops/oasgen-provider/internal/controllers/restdefinition/restdefinition.go:371.3,371.29 1 1
github.com/krateoplatformops/oasgen-provider/internal/controllers/restdefinition/restdefinition.go:371.29,373.4 1 42
github.com/krateoplatformops/oasgen-provider/internal/controllers/restdefinition/restdefinition.go:375.3,383.26 2 1
github.com/krateoplatformops/oasgen-provider/internal/controllers/restdefinition/restdefinition.go:383.26,385.4 1 0
github.com/krateoplatformops/oasgen-provider/internal/controllers/restdefinition/restdefinition.go:387.3,388.17 2 1
github.com/krateoplatformops/oasgen-provider/internal/controllers/restdefinition/restdefinition.go:388.17,390.4 1 0
github.com/krateoplatformops/oasgen-provider/internal/controllers/restdefinition/restdefinition.go:392.3,393.17 2 1
github.com/krateoplatformops/oasgen-provider/internal/controllers/restdefinition/restdefinition.go:393.17,395.4 1 0
github.com/krateoplatformops/oasgen-provider/internal/controllers/restdefinition/restdefinition.go:397.3,397.129 1 1
github.com/krateoplatformops/oasgen-provider/internal/controllers/restdefinition/restdefinition.go:397.129,399.18 2 1
github.com/krateoplatformops/oasgen-provider/internal/controllers/restdefinition/restdefinition.go:399.18,401.5 1 0
github.com/krateoplatformops/oasgen-provider/internal/controllers/restdefinition/restdefinition.go:402.4,409.18 3 1
github.com/krateoplatformops/oasgen-provider/internal/controllers/restdefinition/restdefinition.go:409.18,411.5 1 0
github.com/krateoplatformops/oasgen-provider/internal/controllers/restdefinition/restdefinition.go:412.4,412.13 1 1
github.com/krateoplatformops/oasgen-provider/internal/controllers/restdefinition/restdefinition.go:412.13,417.8 2 0
github.com/krateoplatformops/oasgen-provider/internal/controllers/restdefinition/restdefinition.go:417.8,423.6 2 0
github.com/krateoplatformops/oasgen-provider/internal/controllers/restdefinition/restdefinition.go:425.5,426.19 2 0
github.com/krateoplatformops/oasgen-provider/internal/controllers/restdefinition/restdefinition.go:426.19,428.6 1 0
github.com/krateoplatformops/oasgen-provider/internal/controllers/restdefinition/restdefinition.go:429.5,429.13 1 0
github.com/krateoplatformops/oasgen-provider/internal/controllers/restdefinition/restdefinition.go:432.4,441.27 2 1
github.com/krateoplatformops/oasgen-provider/internal/controllers/restdefinition/restdefinition.go:441.27,443.5 1 0
github.com/krateoplatformops/oasgen-provider/internal/controllers/restdefinition/restdefinition.go:445.4,446.18 2 1
github.com/krateoplatformops/oasgen-provider/internal/controllers/restdefinition/restdefinition.go:446.18,448.5 1 0
github.com/krateoplatformops/oasgen-provider/internal/controllers/restdefinition/restdefinition.go:450.4,451.18 2 1
github.com/krateoplatformops/oasgen-provider/internal/controllers/restdefinition/restdefinition.go:451.18,453.5 1 0
github.com/krateoplatformops/oasgen-provider/internal/controllers/restdefinition/restdefinition.go:455.4,460.7 2 1
github.com/krateoplatformops/oasgen-provider/internal/controllers/restdefinition/restdefinition.go:460.7,466.5 2 1
github.com/krateoplatformops/oasgen-provider/internal/controllers/restdefinition/restdefinition.go:468.4,469.18 2 1
github.com/krateoplatformops/oasgen-provider/internal/controllers/restdefinition/restdefinition.go:469.18,471.5 1 0
github.com/krateoplatformops/oasgen-provider/internal/controllers/restdefinition/restdefinition.go:474.3,476.17 3 1
github.com/krateoplatformops/oasgen-provider/internal/controllers/restdefinition/restdefinition.go:476.17,478.4 1 0
github.com/krateoplatformops/oasgen-provider/internal/controllers/restdefinition/restdefinition.go:479.3,483.13 3 1
github.com/krateoplatformops/oasgen-provider/internal/controllers/restdefinition/restdefinition.go:485.2,486.16 2 1
github.com/krateoplatformops/oasgen-provider/internal/controllers/restdefinition/restdefinition.go:486.16,488.3 1 0
github.com/krateoplatformops/oasgen-provider/internal/controllers/restdefinition/restdefinition.go:489.2,503.16 3 1
github.com/krateoplatformops/oasgen-provider/internal/controllers/restdefinition/restdefinition.go:503.16,505.3 1 0
github.com/krateoplatformops/oasgen-provider/internal/controllers/restdefinition/restdefinition.go:507.2,516.16 6 1
github.com/krateoplatformops/oasgen-provider/internal/controllers/restdefinition/restdefinition.go:516.16,518.3 1 0
github.com/krateoplatformops/oasgen-provider/internal/controllers/restdefinition/restdefinition.go:520.2,523.12 3 1
github.com/krateoplatformops/oasgen-provider/internal/controllers/restdefinition/restdefinition.go:526.75,528.9 2 0
github.com/krateoplatformops/oasgen-provider/internal/controllers/restdefinition/restdefinition.go:528.9,530.3 1 0
github.com/krateoplatformops/oasgen-provider/internal/controllers/restdefinition/restdefinition.go:532.2,532.50 1 0
github.com/krateoplatformops/oasgen-provider/internal/controllers/restdefinition/restdefinition.go:532.50,535.3 2 0
github.com/krateoplatformops/oasgen-provider/internal/controllers/restdefinition/restdefinition.go:537.2,538.16 2 0
github.com/krateoplatformops/oasgen-provider/internal/controllers/restdefinition/restdefinition.go:538.16,540.3 1 0
github.com/krateoplatformops/oasgen-provider/internal/controllers/restdefinition/restdefinition.go:542.2,552.16 5 0
github.com/krateoplatformops/oasgen-provider/internal/controllers/restdefinition/restdefinition.go:552.16,554.3 1 0
github.com/krateoplatformops/oasgen-provider/internal/controllers/restdefinition/restdefinition.go:556.2,570.16 3 0
github.com/krateoplatformops/oasgen-provider/internal/controllers/restdefinition/restdefinition.go:570.16,572.3 1 0
github.com/krateoplatformops/oasgen-provider/internal/controllers/restdefinition/restdefinition.go:574.2,583.16 6 0
github.com/krateoplatformops/oasgen-provider/internal/controllers/restdefinition/restdefinition.go:583.16,585.3 1 0
github.com/krateoplatformops/oasgen-provider/internal/controllers/restdefinition/restdefinition.go:587.2,590.12 3 0
github.com/krateoplatformops/oasgen-provider/internal/controllers/restdefinition/restdefinition.go:593.75,595.9 2 1
github.com/krateoplatformops/oasgen-provider/internal/controllers/restdefinition/restdefinition.go:595.9,597.3 1 0
github.com/krateoplatformops/oasgen-provider/internal/controllers/restdefinition/restdefinition.go:599.2,599.50 1 1
github.com/krateoplatformops/oasgen-provider/internal/controllers/restdefinition/restdefinition.go:599.50,602.3 2 0
github.com/krateoplatformops/oasgen-provider/internal/controllers/restdefinition/restdefinition.go:604.2,608.41 3 1
github.com/krateoplatformops/oasgen-provider/internal/controllers/restdefinition/restdefinition.go:608.41,611.17 3 0
github.com/krateoplatformops/oasgen-provider/internal/controllers/restdefinition/restdefinition.go:611.17,613.4 1 0
github.com/krateoplatformops/oasgen-provider/internal/controllers/restdefinition/restdefinition.go:614.3,615.17 2 0
github.com/krateoplatformops/oasgen-provider/internal/controllers/restdefinition/restdefinition.go:615.17,617.4 1 0
github.com/krateoplatformops/oasgen-provider/internal/controllers/restdefinition/restdefinition.go:620.2,620.49 1 1
github.com/krateoplatformops/oasgen-provider/internal/controllers/restdefinition/restdefinition.go:620.49,624.3 3 1
github.com/krateoplatformops/oasgen-provider/internal/controllers/restdefinition/restdefinition.go:626.2,649.16 5 1
github.com/krateoplatformops/oasgen-provider/internal/controllers/restdefinition/restdefinition.go:649.16,651.3 1 0
github.com/krateoplatformops/oasgen-provider/internal/controllers/restdefinition/restdefinition.go:654.2,654.41 1 1
github.com/krateoplatformops/oasgen-provider/internal/controllers/restdefinition/restdefinition.go:654.41,656.17 2 1
github.com/krateoplatformops/oasgen-provider/internal/controllers/restdefinition/restdefinition.go:656.17,658.4 1 0
github.com/krateoplatformops/oasgen-provider/internal/controllers/restdefinition/restdefinition.go:659.3,659.12 1 1
github.com/krateoplatformops/oasgen-provider/internal/controllers/restdefinition/restdefinition.go:659.12,661.18 2 1
github.com/krateoplatformops/oasgen-provider/internal/controllers/restdefinition/restdefinition.go:661.18,663.5 1 0
github.com/krateoplatformops/oasgen-provider/internal/controllers/restdefinition/restdefinition.go:664.4,664.33 1 1
github.com/krateoplatformops/oasgen-provider/internal/controllers/restdefinition/restdefinition.go:664.33,670.19 3 0
github.com/krateoplatformops/oasgen-provider/internal/controllers/restdefinition/restdefinition.go:670.19,672.6 1 0
github.com/krateoplatformops/oasgen-provider/internal/controllers/restdefinition/restdefinition.go:674.10,674.26 1 1
github.com/krateoplatformops/oasgen-provider/internal/controllers/restdefinition/restdefinition.go:674.26,677.5 1 0
github.com/krateoplatformops/oasgen-provider/internal/controllers/restdefinition/restdefinition.go:681.2,681.32 1 1
github.com/krateoplatformops/oasgen-provider/internal/controllers/restdefinition/restdefinition.go:681.32,685.3 2 0
github.com/krateoplatformops/oasgen-provider/internal/controllers/restdefinition/restdefinition.go:687.2,690.12 3 1
github.com/krateoplatformops/oasgen-provider/internal/controllers/restdefinition/restdefinition.go:693.150,695.128 2 5
github.com/krateoplatformops/oasgen-provider/internal/controllers/restdefinition/restdefinition.go:695.128,697.17 2 5
github.com/krateoplatformops/oasgen-provider/internal/controllers/restdefinition/restdefinition.go:697.17,699.4 1 0
github.com/krateoplatformops/oasgen-provider/internal/controllers/restdefinition/restdefinition.go:700.3,706.87 2 5
github.com/krateoplatformops/oasgen-provider/internal/controllers/restdefinition/restdefinition.go:708.2,708.32 1 5
github.com/krateoplatformops/oasgen-provider/internal/controllers/restdefinition/restdefinition.go:711.146,713.128 2 3
github.com/krateoplatformops/oasgen-provider/internal/controllers/restdefinition/restdefinition.go:713.128,715.17 2 3
github.com/krateoplatformops/oasgen-provider/internal/controllers/restdefinition/restdefinition.go:715.17,717.4 1 0
github.com/krateoplatformops/oasgen-provider/internal/controllers/restdefinition/restdefinition.go:718.3,724.55 2 3
github.com/krateoplatformops/oasgen-provider/internal/controllers/restdefinition/restdefinition.go:726.2,726.32 1 3
github.com/krateoplatformops/oasgen-provider/internal/controllers/restdefinition/restdefinition.go:728.241,733.33 5 3
github.com/krateoplatformops/oasgen-provider/internal/controllers/restdefinition/restdefinition.go:733.33,735.17 2 3
github.com/krateoplatformops/oasgen-provider/internal/controllers/restdefinition/restdefinition.go:735.17,737.4 1 0
github.com/krateoplatformops/oasgen-provider/internal/controllers/restdefinition/restdefinition.go:738.3,738.33 1 3
github.com/krateoplatformops/oasgen-provider/internal/controllers/restdefinition/restdefinition.go:739.8,747.17 4 0
github.com/krateoplatformops/oasgen-provider/internal/controllers/restdefinition/restdefinition.go:747.17,748.56 1 0
github.com/krateoplatformops/oasgen-provider/internal/controllers/restdefinition/restdefinition.go:748.56,750.5 1 0
github.com/krateoplatformops/oasgen-provider/internal/controllers/restdefinition/restdefinition.go:752.3,753.47 2 0
github.com/krateoplatformops/oasgen-provider/internal/controllers/restdefinition/restdefinition.go:755.2,755.11 1 3
github.com/krateoplatformops/oasgen-provider/internal/controllers/restdefinition/restdefinition.go:755.11,756.81 1 0
github.com/krateoplatformops/oasgen-provider/internal/controllers/restdefinition/restdefinition.go:756.81,761.18 5 0
github.com/krateoplatformops/oasgen-provider/internal/controllers/restdefinition/restdefinition.go:761.18,763.5 1 0
github.com/krateoplatformops/oasgen-provider/internal/controllers/restdefinition/restdefinition.go:765.8,765.23 1 3
github.com/krateoplatformops/oasgen-provider/internal/controllers/restdefinition/restdefinition.go:765.23,766.42 1 0
github.com/krateoplatformops/oasgen-provider/internal/controllers/restdefinition/restdefinition.go:766.42,770.18 4 0
github.com/krateoplatformops/oasgen-provider/internal/controllers/restdefinition/restdefinition.go:770.18,772.5 1 0
github.com/krateoplatformops/oasgen-provider/internal/controllers/restdefinition/restdefinition.go:775.2,775.12 1 3
github.com/krateoplatformops/oasgen-provider/internal/controllers/restdefinition/restdefinition.go:778.157,784.16 6 6
github.com/krateoplatformops/oasgen-provider/internal/controllers/restdefinition/restdefinition.go:784.16,786.3 1 0
github.com/krateoplatformops/oasgen-provider/internal/controllers/restdefinition/restdefinition.go:788.2,794.16 3 6
github.com/krateoplatformops/oasgen-provider/internal/controllers/restdefinition/restdefinition.go:794.16,796.3 1 0
github.com/krateoplatformops/oasgen-provider/internal/controllers/restdefinition/restdefinition.go:798.2,799.16 2 6
github.com/krateoplatformops/oasgen-provider/internal/controllers/restdefinition/restdefinition.go:799.16,801.3 1 0
github.com/krateoplatformops/oasgen-provider/internal/controllers/restdefinition/restdefinition.go:803.2,804.16 2 6
github.com/krateoplatformops/oasgen-provider/internal/controllers/restdefinition/restdefinition.go:804.16,806.3 1 0
github.com/krateoplatformops/oasgen-provider/internal/controllers/restdefinition/restdefinition.go:808.2,809.26 2 6
github.com/krateoplatformops/oasgen-provider/internal/controllers/restdefinition/restdefinition.go:809.26,811.3 1 0
github.com/krateoplatformops/oasgen-provider/internal/controllers/restdefinition/restdefinition.go:812.2,812.16 1 6
github.com/krateoplatformops/oasgen-provider/internal/controllers/restdefinition/restdefinition.go:812.16,814.3 1 0
github.com/krateoplatformops/oasgen-provider/internal/controllers/restdefinition/restdefinition.go:817.2,819.33 3 6
github.com/krateoplatformops/oasgen-provider/internal/controllers/restdefinition/restdefinition.go:819.33,821.3 1 0
github.com/krateoplatformops/oasgen-provider/internal/controllers/restdefinition/restdefinition.go:822.2,822.30 1 6
github.com/krateoplatformops/oasgen-provider/internal/controllers/restdefinition/restdefinition.go:822.30,824.3 1 0
github.com/krateoplatformops/oasgen-provider/internal/controllers/restdefinition/restdefinition.go:825.2,825.17 1 6
github.com/krateoplatformops/oasgen-provider/internal/tools/crd/crd.go:16.88,17.45 1 1
github.com/krateoplatformops/oasgen-provider/internal/tools/crd/crd.go:17.45,19.3 1 0
github.com/krateoplatformops/oasgen-provider/internal/tools/crd/crd.go:21.2,23.16 3 1
github.com/krateoplatformops/oasgen-provider/internal/tools/crd/crd.go:23.16,24.32 1 1
github.com/krateoplatformops/oasgen-provider/internal/tools/crd/crd.go:24.32,26.4 1 1
github.com/krateoplatformops/oasgen-provider/internal/tools/crd/crd.go:28.3,28.13 1 0
github.com/krateoplatformops/oasgen-provider/internal/tools/crd/crd.go:31.2,32.16 2 0
github.com/krateoplatformops/oasgen-provider/internal/tools/crd/crd.go:32.16,33.32 1 0
github.com/krateoplatformops/oasgen-provider/internal/tools/crd/crd.go:33.32,35.4 1 0
github.com/krateoplatformops/oasgen-provider/internal/tools/crd/crd.go:37.3,37.13 1 0
github.com/krateoplatformops/oasgen-provider/internal/tools/crd/crd.go:40.2,40.12 1 0
github.com/krateoplatformops/oasgen-provider/internal/tools/crd/crd.go:44.101,45.45 1 2
github.com/krateoplatformops/oasgen-provider/internal/tools/crd/crd.go:45.45,47.3 1 0
github.com/krateoplatformops/oasgen-provider/internal/tools/crd/crd.go:49.2,51.16 3 2
github.com/krateoplatformops/oasgen-provider/internal/tools/crd/crd.go:51.16,52.32 1 2
github.com/krateoplatformops/oasgen-provider/internal/tools/crd/crd.go:52.32,54.4 1 2
github.com/krateoplatformops/oasgen-provider/internal/tools/crd/crd.go:54.9,56.4 1 0
github.com/krateoplatformops/oasgen-provider/internal/tools/crd/crd.go:59.2,59.39 1 0
github.com/krateoplatformops/oasgen-provider/internal/tools/crd/crd.go:59.39,60.29 1 0
github.com/krateoplatformops/oasgen-provider/internal/tools/crd/crd.go:60.29,62.4 1 0
github.com/krateoplatformops/oasgen-provider/internal/tools/crd/crd.go:65.2,65.19 1 0
github.com/krateoplatformops/oasgen-provider/internal/tools/crd/crd.go:68.79,69.45 1 3
github.com/krateoplatformops/oasgen-provider/internal/tools/crd/crd.go:69.45,71.3 1 0
github.com/krateoplatformops/oasgen-provider/internal/tools/crd/crd.go:73.2,73.19 1 3
github.com/krateoplatformops/oasgen-provider/internal/tools/crd/crd.go:73.19,75.3 1 1
github.com/krateoplatformops/oasgen-provider/internal/tools/crd/crd.go:77.2,83.17 4 2
github.com/krateoplatformops/oasgen-provider/internal/tools/crd/crd.go:86.33,87.70 1 6
github.com/krateoplatformops/oasgen-provider/internal/tools/crd/crd.go:87.70,89.3 1 5
github.com/krateoplatformops/oasgen-provider/internal/tools/crd/crd.go:91.2,91.64 1 1
github.com/krateoplatformops/oasgen-provider/internal/tools/crd/utils.go:7.157,10.2 2 3
github.com/krateoplatformops/oasgen-provider/internal/tools/crd/utils.go:12.108,13.35 1 3
github.com/krateoplatformops/oasgen-provider/internal/tools/crd/utils.go:13.35,14.43 1 3
github.com/krateoplatformops/oasgen-provider/internal/tools/crd/utils.go:14.43,17.4 2 2
github.com/krateoplatformops/oasgen-provider/internal/tools/crd/utils.go:22.165,23.42 1 3
github.com/krateoplatformops/oasgen-provider/internal/tools/crd/utils.go:23.42,26.41 3 3
github.com/krateoplatformops/oasgen-provider/internal/tools/crd/utils.go:26.41,27.28 1 3
github.com/krateoplatformops/oasgen-provider/internal/tools/crd/utils.go:27.28,29.10 2 1
github.com/krateoplatformops/oasgen-provider/internal/tools/crd/utils.go:32.3,32.41 1 3
github.com/krateoplatformops/oasgen-provider/internal/tools/crd/utils.go:32.41,33.28 1 3
github.com/krateoplatformops/oasgen-provider/internal/tools/crd/utils.go:33.28,35.10 2 0
github.com/krateoplatformops/oasgen-provider/internal/tools/crd/utils.go:39.3,39.13 1 3
github.com/krateoplatformops/oasgen-provider/internal/tools/crd/utils.go:39.13,41.15 2 2
github.com/krateoplatformops/oasgen-provider/internal/tools/crd/utils.go:41.15,73.5 1 2
github.com/krateoplatformops/oasgen-provider/internal/tools/crd/utils.go:74.4,74.37 1 2
github.com/krateoplatformops/oasgen-provider/internal/tools/crd/utils.go:74.37,76.46 1 6
github.com/krateoplatformops/oasgen-provider/internal/tools/crd/utils.go:76.46,79.6 2 4
github.com/krateoplatformops/oasgen-provider/internal/tools/crd/utils.go:84.2,84.18 1 3
github.com/krateoplatformops/oasgen-provider/internal/tools/deploy/deploy.go:53.82,54.16 1 0
github.com/krateoplatformops/oasgen-provider/internal/tools/deploy/deploy.go:54.16,56.3 1 0
github.com/krateoplatformops/oasgen-provider/internal/tools/deploy/deploy.go:59.277,67.16 4 4
github.com/krateoplatformops/oasgen-provider/internal/tools/deploy/deploy.go:67.16,69.3 1 0
github.com/krateoplatformops/oasgen-provider/internal/tools/deploy/deploy.go:71.2,72.42 2 4
github.com/krateoplatformops/oasgen-provider/internal/tools/deploy/deploy.go:72.42,74.3 1 0
github.com/krateoplatformops/oasgen-provider/internal/tools/deploy/deploy.go:75.2,77.16 3 4
github.com/krateoplatformops/oasgen-provider/internal/tools/deploy/deploy.go:77.16,79.3 1 0
github.com/krateoplatformops/oasgen-provider/internal/tools/deploy/deploy.go:81.2,83.16 3 4
github.com/krateoplatformops/oasgen-provider/internal/tools/deploy/deploy.go:83.16,85.3 1 0
github.com/krateoplatformops/oasgen-provider/internal/tools/deploy/deploy.go:87.2,89.16 3 4
github.com/krateoplatformops/oasgen-provider/internal/tools/deploy/deploy.go:89.16,91.3 1 0
github.com/krateoplatformops/oasgen-provider/internal/tools/deploy/deploy.go:93.2,95.16 3 4
github.com/krateoplatformops/oasgen-provider/internal/tools/deploy/deploy.go:95.16,97.3 1 0
github.com/krateoplatformops/oasgen-provider/internal/tools/deploy/deploy.go:99.2,99.68 1 4
github.com/krateoplatformops/oasgen-provider/internal/tools/deploy/deploy.go:102.334,103.16 1 2
github.com/krateoplatformops/oasgen-provider/internal/tools/deploy/deploy.go:103.16,105.3 1 0
github.com/krateoplatformops/oasgen-provider/internal/tools/deploy/deploy.go:106.2,107.16 2 2
github.com/krateoplatformops/oasgen-provider/internal/tools/deploy/deploy.go:107.16,110.3 2 0
github.com/krateoplatformops/oasgen-provider/internal/tools/deploy/deploy.go:111.2,112.16 2 2
github.com/krateoplatformops/oasgen-provider/internal/tools/deploy/deploy.go:112.16,114.3 1 0
github.com/krateoplatformops/oasgen-provider/internal/tools/deploy/deploy.go:115.2,118.16 3 2
github.com/krateoplatformops/oasgen-provider/internal/tools/deploy/deploy.go:118.16,121.3 2 0
github.com/krateoplatformops/oasgen-provider/internal/tools/deploy/deploy.go:122.2,123.16 2 2
github.com/krateoplatformops/oasgen-provider/internal/tools/deploy/deploy.go:123.16,125.3 1 0
github.com/krateoplatformops/oasgen-provider/internal/tools/deploy/deploy.go:126.2,129.16 3 2
github.com/krateoplatformops/oasgen-provider/internal/tools/deploy/deploy.go:129.16,132.3 2 0
github.com/krateoplatformops/oasgen-provider/internal/tools/deploy/deploy.go:133.2,134.16 2 2
github.com/krateoplatformops/oasgen-provider/internal/tools/deploy/deploy.go:134.16,136.3 1 0
github.com/krateoplatformops/oasgen-provider/internal/tools/deploy/deploy.go:137.2,140.16 3 2
github.com/krateoplatformops/oasgen-provider/internal/tools/deploy/deploy.go:140.16,143.3 2 0
github.com/krateoplatformops/oasgen-provider/internal/tools/deploy/deploy.go:144.2,145.16 2 2
github.com/krateoplatformops/oasgen-provider/internal/tools/deploy/deploy.go:145.16,147.3 1 0
github.com/krateoplatformops/oasgen-provider/internal/tools/deploy/deploy.go:148.2,151.16 3 2
github.com/krateoplatformops/oasgen-provider/internal/tools/deploy/deploy.go:151.16,154.3 2 0
github.com/krateoplatformops/oasgen-provider/internal/tools/deploy/deploy.go:155.2,156.16 2 2
github.com/krateoplatformops/oasgen-provider/internal/tools/deploy/deploy.go:156.16,158.3 1 0
github.com/krateoplatformops/oasgen-provider/internal/tools/deploy/deploy.go:159.2,161.12 2 2
github.com/krateoplatformops/oasgen-provider/internal/tools/deploy/deploy.go:164.280,166.16 2 1
github.com/krateoplatformops/oasgen-provider/internal/tools/deploy/deploy.go:166.16,169.3 2 0
github.com/krateoplatformops/oasgen-provider/internal/tools/deploy/deploy.go:170.2,173.16 3 1
github.com/krateoplatformops/oasgen-provider/internal/tools/deploy/deploy.go:173.16,176.3 2 0
github.com/krateoplatformops/oasgen-provider/internal/tools/deploy/deploy.go:177.2,180.16 3 1
github.com/krateoplatformops/oasgen-provider/internal/tools/deploy/deploy.go:180.16,183.3 2 0
github.com/krateoplatformops/oasgen-provider/internal/tools/deploy/deploy.go:184.2,187.16 3 1
github.com/krateoplatformops/oasgen-provider/internal/tools/deploy/deploy.go:187.16,190.3 2 0
github.com/krateoplatformops/oasgen-provider/internal/tools/deploy/deploy.go:191.2,194.16 3 1
github.com/krateoplatformops/oasgen-provider/internal/tools/deploy/deploy.go:194.16,197.3 2 0
github.com/krateoplatformops/oasgen-provider/internal/tools/deploy/deploy.go:198.2,200.12 2 1
github.com/krateoplatformops/oasgen-provider/internal/tools/deploy/deploy.go:203.301,204.16 1 1
github.com/krateoplatformops/oasgen-provider/internal/tools/deploy/deploy.go:204.16,206.3 1 0
github.com/krateoplatformops/oasgen-provider/internal/tools/deploy/deploy.go:207.2,208.16 2 1
github.com/krateoplatformops/oasgen-provider/internal/tools/deploy/deploy.go:208.16,211.3 2 0
github.com/krateoplatformops/oasgen-provider/internal/tools/deploy/deploy.go:212.2,213.16 2 1
github.com/krateoplatformops/oasgen-provider/internal/tools/deploy/deploy.go:213.16,215.3 1 0
github.com/krateoplatformops/oasgen-provider/internal/tools/deploy/deploy.go:216.2,219.16 3 1
github.com/krateoplatformops/oasgen-provider/internal/tools/deploy/deploy.go:219.16,222.3 2 0
github.com/krateoplatformops/oasgen-provider/internal/tools/deploy/deploy.go:223.2,224.16 2 1
github.com/krateoplatformops/oasgen-provider/internal/tools/deploy/deploy.go:224.16,226.3 1 0
github.com/krateoplatformops/oasgen-provider/internal/tools/deploy/deploy.go:227.2,230.16 3 1
github.com/krateoplatformops/oasgen-provider/internal/tools/deploy/deploy.go:230.16,233.3 2 0
github.com/krateoplatformops/oasgen-provider/internal/tools/deploy/deploy.go:234.2,235.16 2 1
github.com/krateoplatformops/oasgen-provider/internal/tools/deploy/deploy.go:235.16,237.3 1 0
github.com/krateoplatformops/oasgen-provider/internal/tools/deploy/deploy.go:238.2,241.16 3 1
github.com/krateoplatformops/oasgen-provider/internal/tools/deploy/deploy.go:241.16,244.3 2 0
github.com/krateoplatformops/oasgen-provider/internal/tools/deploy/deploy.go:245.2,246.16 2 1
github.com/krateoplatformops/oasgen-provider/internal/tools/deploy/deploy.go:246.16,248.3 1 0
github.com/krateoplatformops/oasgen-provider/internal/tools/deploy/deploy.go:249.2,252.16 3 1
github.com/krateoplatformops/oasgen-provider/internal/tools/deploy/deploy.go:252.16,255.3 2 0
github.com/krateoplatformops/oasgen-provider/internal/tools/deploy/deploy.go:256.2,257.16 2 1
github.com/krateoplatformops/oasgen-provider/internal/tools/deploy/deploy.go:257.16,259.3 1 0
github.com/krateoplatformops/oasgen-provider/internal/tools/deploy/deploy.go:260.2,262.12 2 1
github.com/krateoplatformops/oasgen-provider/internal/tools/deploy/deploy.go:265.101,266.21 1 2
github.com/krateoplatformops/oasgen-provider/internal/tools/deploy/deploy.go:266.21,268.3 1 0
github.com/krateoplatformops/oasgen-provider/internal/tools/deploy/deploy.go:270.2,273.16 3 2
github.com/krateoplatformops/oasgen-provider/internal/tools/deploy/deploy.go:273.16,276.3 2 0
github.com/krateoplatformops/oasgen-provider/internal/tools/deploy/deploy.go:277.2,279.23 2 2
github.com/krateoplatformops/oasgen-provider/internal/tools/deploy/deploy.go:279.23,281.3 1 0
github.com/krateoplatformops/oasgen-provider/internal/tools/deploy/deploy.go:282.2,283.16 2 2
github.com/krateoplatformops/oasgen-provider/internal/tools/deploy/deploy.go:283.16,286.3 2 0
github.com/krateoplatformops/oasgen-provider/internal/tools/deploy/deploy.go:288.2,296.16 4 2
github.com/krateoplatformops/oasgen-provider/internal/tools/deploy/deploy.go:296.16,299.3 2 0
github.com/krateoplatformops/oasgen-provider/internal/tools/deploy/deploy.go:301.2,302.16 2 2
github.com/krateoplatformops/oasgen-provider/internal/tools/deploy/deploy.go:302.16,305.3 2 0
github.com/krateoplatformops/oasgen-provider/internal/tools/deploy/deploy.go:306.2,307.16 2 2
github.com/krateoplatformops/oasgen-provider/internal/tools/deploy/deploy.go:307.16,309.3 1 0
github.com/krateoplatformops/oasgen-provider/internal/tools/deploy/deploy.go:310.2,323.16 5 2
github.com/krateoplatformops/oasgen-provider/internal/tools/deploy/deploy.go:323.16,326.3 2 0
github.com/krateoplatformops/oasgen-provider/internal/tools/deploy/deploy.go:328.2,329.16 2 2
github.com/krateoplatformops/oasgen-provider/internal/tools/deploy/deploy.go:329.16,332.3 2 0
github.com/krateoplatformops/oasgen-provider/internal/tools/deploy/deploy.go:334.2,334.24 1 2
github.com/krateoplatformops/oasgen-provider/internal/tools/deploy/deploy.go:334.24,342.17 3 2
github.com/krateoplatformops/oasgen-provider/internal/tools/deploy/deploy.go:342.17,345.4 2 0
github.com/krateoplatformops/oasgen-provider/internal/tools/deploy/deploy.go:347.3,348.17 2 2
github.com/krateoplatformops/oasgen-provider/internal/tools/deploy/deploy.go:348.17,351.4 2 0
github.com/krateoplatformops/oasgen-provider/internal/tools/deploy/deploy.go:353.3,353.54 1 2
github.com/krateoplatformops/oasgen-provider/internal/tools/deploy/deploy.go:353.54,355.18 2 2
github.com/krateoplatformops/oasgen-provider/internal/tools/deploy/deploy.go:355.18,358.5 2 0
github.com/krateoplatformops/oasgen-provider/internal/tools/deploy/deploy.go:362.2,365.16 3 2
github.com/krateoplatformops/oasgen-provider/internal/tools/deploy/deploy.go:365.16,367.3 1 0
github.com/krateoplatformops/oasgen-provider/internal/tools/deploy/deploy.go:368.2,370.27 2 2
github.com/krateoplatformops/oasgen-provider/internal/tools/deploy/deploy.go:373.84,374.21 1 1
github.com/krateoplatformops/oasgen-provider/internal/tools/deploy/deploy.go:374.21,376.3 1 0
github.com/krateoplatformops/oasgen-provider/internal/tools/deploy/deploy.go:378.2,378.19 1 1
github.com/krateoplatformops/oasgen-provider/internal/tools/deploy/deploy.go:378.19,380.36 2 0
github.com/krateoplatformops/oasgen-provider/internal/tools/deploy/deploy.go:380.36,382.4 1 0
github.com/krateoplatformops/oasgen-provider/internal/tools/deploy/deploy.go:383.3,383.17 1 0
github.com/krateoplatformops/oasgen-provider/internal/tools/deploy/deploy.go:383.17,386.4 2 0
github.com/krateoplatformops/oasgen-provider/internal/tools/deploy/deploy.go:389.2,389.21 1 1
github.com/krateoplatformops/oasgen-provider/internal/tools/deploy/deploy.go:389.21,392.3 2 0
github.com/krateoplatformops/oasgen-provider/internal/tools/deploy/deploy.go:394.2,395.16 2 1
github.com/krateoplatformops/oasgen-provider/internal/tools/deploy/deploy.go:395.16,398.3 2 0
github.com/krateoplatformops/oasgen-provider/internal/tools/deploy/deploy.go:399.2,410.16 4 1
github.com/krateoplatformops/oasgen-provider/internal/tools/deploy/deploy.go:410.16,413.3 2 0
github.com/krateoplatformops/oasgen-provider/internal/tools/deploy/deploy.go:414.2,415.16 2 1
github.com/krateoplatformops/oasgen-provider/internal/tools/deploy/deploy.go:415.16,418.3 2 0
github.com/krateoplatformops/oasgen-provider/internal/tools/deploy/deploy.go:419.2,427.16 4 1
github.com/krateoplatformops/oasgen-provider/internal/tools/deploy/deploy.go:427.16,430.3 2 0
github.com/krateoplatformops/oasgen-provider/internal/tools/deploy/deploy.go:432.2,433.16 2 1
github.com/krateoplatformops/oasgen-provider/internal/tools/deploy/deploy.go:433.16,436.3 2 0
github.com/krateoplatformops/oasgen-provider/internal/tools/deploy/deploy.go:438.2,439.16 2 1
github.com/krateoplatformops/oasgen-provider/internal/tools/deploy/deploy.go:439.16,442.3 2 0
github.com/krateoplatformops/oasgen-provider/internal/tools/deploy/deploy.go:444.2,446.12 2 1
github.com/krateoplatformops/oasgen-provider/internal/tools/deploy/deploy.go:451.101,452.21 1 1
github.com/krateoplatformops/oasgen-provider/internal/tools/deploy/deploy.go:452.21,454.3 1 0
github.com/krateoplatformops/oasgen-provider/internal/tools/deploy/deploy.go:456.2,457.16 2 1
github.com/krateoplatformops/oasgen-provider/internal/tools/deploy/deploy.go:457.16,459.3 1 0
github.com/krateoplatformops/oasgen-provider/internal/tools/deploy/deploy.go:461.2,464.16 3 1
github.com/krateoplatformops/oasgen-provider/internal/tools/deploy/deploy.go:464.16,466.3 1 0
github.com/krateoplatformops/oasgen-provider/internal/tools/deploy/deploy.go:468.2,476.16 4 1
github.com/krateoplatformops/oasgen-provider/internal/tools/deploy/deploy.go:476.16,478.3 1 0
github.com/krateoplatformops/oasgen-provider/internal/tools/deploy/deploy.go:480.2,481.16 2 1
github.com/krateoplatformops/oasgen-provider/internal/tools/deploy/deploy.go:481.16,484.3 2 0
github.com/krateoplatformops/oasgen-provider/internal/tools/deploy/deploy.go:485.2,486.16 2 1
github.com/krateoplatformops/oasgen-provider/internal/tools/deploy/deploy.go:486.16,488.3 1 0
github.com/krateoplatformops/oasgen-provider/internal/tools/deploy/deploy.go:489.2,502.16 5 1
github.com/krateoplatformops/oasgen-provider/internal/tools/deploy/deploy.go:502.16,504.3 1 0
github.com/krateoplatformops/oasgen-provider/internal/tools/deploy/deploy.go:506.2,507.16 2 1
github.com/krateoplatformops/oasgen-provider/internal/tools/deploy/deploy.go:507.16,510.3 2 0
github.com/krateoplatformops/oasgen-provider/internal/tools/deploy/deploy.go:512.2,515.16 3 1
github.com/krateoplatformops/oasgen-provider/internal/tools/deploy/deploy.go:515.16,517.3 1 0
github.com/krateoplatformops/oasgen-provider/internal/tools/deploy/deploy.go:518.2,520.27 2 1
github.com/krateoplatformops/oasgen-provider/internal/tools/deployment/deployment.go:12.108,14.16 2 3
github.com/krateoplatformops/oasgen-provider/internal/tools/deployment/deployment.go:14.16,15.32 1 1
github.com/krateoplatformops/oasgen-provider/internal/tools/deployment/deployment.go:15.32,17.4 1 1
github.com/krateoplatformops/oasgen-provider/internal/tools/deployment/deployment.go:19.3,19.27 1 0
github.com/krateoplatformops/oasgen-provider/internal/tools/deployment/deployment.go:22.2,24.25 2 2
github.com/krateoplatformops/oasgen-provider/internal/tools/deployment/deployment.go:27.95,31.42 2 1
github.com/krateoplatformops/oasgen-provider/internal/tools/deployment/deployment.go:31.42,33.3 1 0
github.com/krateoplatformops/oasgen-provider/internal/tools/deployment/deployment.go:34.2,37.36 2 1
github.com/krateoplatformops/oasgen-provider/internal/tools/deployment/deployment.go:40.57,41.42 1 1
github.com/krateoplatformops/oasgen-provider/internal/tools/deployment/deployment.go:41.42,43.3 1 1
github.com/krateoplatformops/oasgen-provider/internal/tools/filegetter/filegetter.go:38.101,42.48 3 7
github.com/krateoplatformops/oasgen-provider/internal/tools/filegetter/filegetter.go:42.48,44.3 1 0
github.com/krateoplatformops/oasgen-provider/internal/tools/filegetter/filegetter.go:47.2,47.77 1 7
github.com/krateoplatformops/oasgen-provider/internal/tools/filegetter/filegetter.go:47.77,50.17 2 4
github.com/krateoplatformops/oasgen-provider/internal/tools/filegetter/filegetter.go:50.17,52.4 1 0
github.com/krateoplatformops/oasgen-provider/internal/tools/filegetter/filegetter.go:55.3,55.18 1 4
github.com/krateoplatformops/oasgen-provider/internal/tools/filegetter/filegetter.go:55.18,56.21 1 2
github.com/krateoplatformops/oasgen-provider/internal/tools/filegetter/filegetter.go:57.19,58.51 1 1
github.com/krateoplatformops/oasgen-provider/internal/tools/filegetter/filegetter.go:59.21,60.58 1 1
github.com/krateoplatformops/oasgen-provider/internal/tools/filegetter/filegetter.go:65.3,66.17 2 4
github.com/krateoplatformops/oasgen-provider/internal/tools/filegetter/filegetter.go:66.17,68.4 1 1
github.com/krateoplatformops/oasgen-provider/internal/tools/filegetter/filegetter.go:69.3,71.39 2 3
github.com/krateoplatformops/oasgen-provider/internal/tools/filegetter/filegetter.go:71.39,73.4 1 0
github.com/krateoplatformops/oasgen-provider/internal/tools/filegetter/filegetter.go:75.3,75.21 1 3
github.com/krateoplatformops/oasgen-provider/internal/tools/filegetter/filegetter.go:76.8,76.51 1 3
github.com/krateoplatformops/oasgen-provider/internal/tools/filegetter/filegetter.go:76.51,79.31 3 1
github.com/krateoplatformops/oasgen-provider/internal/tools/filegetter/filegetter.go:79.31,81.4 1 0
github.com/krateoplatformops/oasgen-provider/internal/tools/filegetter/filegetter.go:82.3,92.17 6 1
github.com/krateoplatformops/oasgen-provider/internal/tools/filegetter/filegetter.go:92.17,94.4 1 0
github.com/krateoplatformops/oasgen-provider/internal/tools/filegetter/filegetter.go:96.3,97.10 2 1
github.com/krateoplatformops/oasgen-provider/internal/tools/filegetter/filegetter.go:97.10,99.4 1 0
github.com/krateoplatformops/oasgen-provider/internal/tools/filegetter/filegetter.go:101.3,101.35 1 1
github.com/krateoplatformops/oasgen-provider/internal/tools/filegetter/filegetter.go:102.8,105.17 2 2
github.com/krateoplatformops/oasgen-provider/internal/tools/filegetter/filegetter.go:105.17,107.4 1 1
github.com/krateoplatformops/oasgen-provider/internal/tools/filegetter/filegetter.go:108.3,109.16 2 1
github.com/krateoplatformops/oasgen-provider/internal/tools/filegetter/filegetter.go:113.2,114.16 2 5
github.com/krateoplatformops/oasgen-provider/internal/tools/filegetter/filegetter.go:114.16,116.3 1 0
github.com/krateoplatformops/oasgen-provider/internal/tools/filegetter/filegetter.go:117.2,121.16 3 5
github.com/krateoplatformops/oasgen-provider/internal/tools/filegetter/filegetter.go:121.16,123.3 1 0
github.com/krateoplatformops/oasgen-provider/internal/tools/filegetter/filegetter.go:125.2,125.12 1 5
github.com/krateoplatformops/oasgen-provider/internal/tools/generation/generation.go:17.82,18.19 1 0
github.com/krateoplatformops/oasgen-provider/internal/tools/generation/generation.go:18.19,20.3 1 0
github.com/krateoplatformops/oasgen-provider/internal/tools/generation/generation.go:22.2,23.16 2 0
github.com/krateoplatformops/oasgen-provider/internal/tools/generation/generation.go:23.16,25.3 1 0
github.com/krateoplatformops/oasgen-provider/internal/tools/generation/generation.go:26.2,27.16 2 0
github.com/krateoplatformops/oasgen-provider/internal/tools/generation/generation.go:27.16,29.3 1 0
github.com/krateoplatformops/oasgen-provider/internal/tools/generation/generation.go:30.2,30.25 1 0
github.com/krateoplatformops/oasgen-provider/internal/tools/generation/generation.go:42.53,43.77 1 0
github.com/krateoplatformops/oasgen-provider/internal/tools/generation/generation.go:43.77,45.3 1 0
github.com/krateoplatformops/oasgen-provider/internal/tools/generation/generation.go:46.2,46.14 1 0
github.com/krateoplatformops/oasgen-provider/internal/tools/generation/generation.go:49.69,50.49 1 0
github.com/krateoplatformops/oasgen-provider/internal/tools/generation/generation.go:50.49,52.3 1 0
github.com/krateoplatformops/oasgen-provider/internal/tools/generation/generation.go:52.8,52.57 1 0
github.com/krateoplatformops/oasgen-provider/internal/tools/generation/generation.go:52.57,54.3 1 0
github.com/krateoplatformops/oasgen-provider/internal/tools/generation/generation.go:55.2,55.76 1 0
github.com/krateoplatformops/oasgen-provider/internal/tools/generation/generation.go:58.98,59.49 1 3
github.com/krateoplatformops/oasgen-provider/internal/tools/generation/generation.go:59.49,61.3 1 1
github.com/krateoplatformops/oasgen-provider/internal/tools/generation/generation.go:61.8,61.57 1 2
github.com/krateoplatformops/oasgen-provider/internal/tools/generation/generation.go:61.57,63.3 1 1
github.com/krateoplatformops/oasgen-provider/internal/tools/generation/generation.go:65.2,65.63 1 1
github.com/krateoplatformops/oasgen-provider/internal/tools/generation/jsonschemareflection.go:14.97,21.36 4 7
github.com/krateoplatformops/oasgen-provider/internal/tools/generation/jsonschemareflection.go:21.36,26.21 5 13
github.com/krateoplatformops/oasgen-provider/internal/tools/generation/jsonschemareflection.go:26.21,28.4 1 2
github.com/krateoplatformops/oasgen-provider/internal/tools/generation/jsonschemareflection.go:28.9,30.4 1 11
github.com/krateoplatformops/oasgen-provider/internal/tools/generation/jsonschemareflection.go:32.3,32.41 1 13
github.com/krateoplatformops/oasgen-provider/internal/tools/generation/jsonschemareflection.go:32.41,35.18 2 4
github.com/krateoplatformops/oasgen-provider/internal/tools/generation/jsonschemareflection.go:35.18,37.5 1 0
github.com/krateoplatformops/oasgen-provider/internal/tools/generation/jsonschemareflection.go:39.4,39.23 1 4
github.com/krateoplatformops/oasgen-provider/internal/tools/generation/jsonschemareflection.go:39.23,41.55 2 2
github.com/krateoplatformops/oasgen-provider/internal/tools/generation/jsonschemareflection.go:41.55,44.6 2 4
github.com/krateoplatformops/oasgen-provider/internal/tools/generation/jsonschemareflection.go:45.10,51.5 1 2
github.com/krateoplatformops/oasgen-provider/internal/tools/generation/jsonschemareflection.go:52.9,55.4 1 9
github.com/krateoplatformops/oasgen-provider/internal/tools/generation/jsonschemareflection.go:57.2,57.58 1 7
github.com/krateoplatformops/oasgen-provider/internal/tools/generation/jsonschemareflection.go:60.51,61.14 1 3
github.com/krateoplatformops/oasgen-provider/internal/tools/generation/jsonschemareflection.go:61.14,63.3 1 0
github.com/krateoplatformops/oasgen-provider/internal/tools/generation/jsonschemareflection.go:65.2,67.16 2 3
github.com/krateoplatformops/oasgen-provider/internal/tools/generation/jsonschemareflection.go:67.16,69.3 1 0
github.com/krateoplatformops/oasgen-provider/internal/tools/generation/jsonschemareflection.go:71.2,76.24 2 3
github.com/krateoplatformops/oasgen-provider/internal/tools/generation/jsonschemareflection.go:76.24,78.3 1 0
github.com/krateoplatformops/oasgen-provider/internal/tools/generation/jsonschemareflection.go:80.2,81.16 2 3
github.com/krateoplatformops/oasgen-provider/internal/tools/generation/jsonschemareflection.go:81.16,83.3 1 0
github.com/krateoplatformops/oasgen-provider/internal/tools/generation/jsonschemareflection.go:84.2,85.16 2 3
github.com/krateoplatformops/oasgen-provider/internal/tools/generation/jsonschemareflection.go:85.16,87.3 1 0
github.com/krateoplatformops/oasgen-provider/internal/tools/generation/jsonschemareflection.go:88.2,88.25 1 3
github.com/krateoplatformops/oasgen-provider/internal/tools/hash/hasher.go:16.46,17.22 1 4
github.com/krateoplatformops/oasgen-provider/internal/tools/hash/hasher.go:17.22,19.17 2 4
github.com/krateoplatformops/oasgen-provider/internal/tools/hash/hasher.go:19.17,21.4 1 0
github.com/krateoplatformops/oasgen-provider/internal/tools/hash/hasher.go:22.3,22.39 1 4
github.com/krateoplatformops/oasgen-provider/internal/tools/hash/hasher.go:22.39,24.4 1 0
github.com/krateoplatformops/oasgen-provider/internal/tools/hash/hasher.go:26.2,26.12 1 4
github.com/krateoplatformops/oasgen-provider/internal/tools/hash/hasher.go:29.30,31.2 1 0
github.com/krateoplatformops/oasgen-provider/internal/tools/hash/hasher.go:32.39,34.2 1 4
github.com/krateoplatformops/oasgen-provider/internal/tools/hash/hasher.go:36.36,38.2 1 4
github.com/krateoplatformops/oasgen-provider/internal/tools/kube/client.go:19.97,21.16 1 7
github.com/krateoplatformops/oasgen-provider/internal/tools/kube/client.go:21.16,26.18 5 8
github.com/krateoplatformops/oasgen-provider/internal/tools/kube/client.go:26.18,27.34 1 3
github.com/krateoplatformops/oasgen-provider/internal/tools/kube/client.go:27.34,34.6 2 3
github.com/krateoplatformops/oasgen-provider/internal/tools/kube/client.go:35.5,35.15 1 0
github.com/krateoplatformops/oasgen-provider/internal/tools/kube/client.go:38.4,44.44 3 5
github.com/krateoplatformops/oasgen-provider/internal/tools/kube/client.go:49.105,51.16 1 1
github.com/krateoplatformops/oasgen-provider/internal/tools/kube/client.go:51.16,56.18 5 1
github.com/krateoplatformops/oasgen-provider/internal/tools/kube/client.go:56.18,57.34 1 0
github.com/krateoplatformops/oasgen-provider/internal/tools/kube/client.go:57.34,59.6 1 0
github.com/krateoplatformops/oasgen-provider/internal/tools/kube/client.go:61.5,61.15 1 0
github.com/krateoplatformops/oasgen-provider/internal/tools/kube/client.go:64.4,72.18 3 1
github.com/krateoplatformops/oasgen-provider/internal/tools/kube/client.go:72.18,73.34 1 0
github.com/krateoplatformops/oasgen-provider/internal/tools/kube/client.go:73.34,75.6 1 0
github.com/krateoplatformops/oasgen-provider/internal/tools/kube/client.go:77.5,77.15 1 0
github.com/krateoplatformops/oasgen-provider/internal/tools/kube/client.go:79.4,79.14 1 1
github.com/krateoplatformops/oasgen-provider/internal/tools/kube/client.go:84.123,86.16 1 1
github.com/krateoplatformops/oasgen-provider/internal/tools/kube/client.go:86.16,97.18 4 1
github.com/krateoplatformops/oasgen-provider/internal/tools/kube/client.go:97.18,98.34 1 0
github.com/krateoplatformops/oasgen-provider/internal/tools/kube/client.go:98.34,100.6 1 0
github.com/krateoplatformops/oasgen-provider/internal/tools/kube/client.go:101.5,101.15 1 0
github.com/krateoplatformops/oasgen-provider/internal/tools/kube/client.go:104.4,110.18 2 1
github.com/krateoplatformops/oasgen-provider/internal/tools/kube/client.go:110.18,111.34 1 0
github.com/krateoplatformops/oasgen-provider/internal/tools/kube/client.go:111.34,113.6 1 0
github.com/krateoplatformops/oasgen-provider/internal/tools/kube/client.go:114.5,114.15 1 0
github.com/krateoplatformops/oasgen-provider/internal/tools/kube/client.go:116.4,116.14 1 1
github.com/krateoplatformops/oasgen-provider/internal/tools/kube/client.go:121.94,128.16 4 1
github.com/krateoplatformops/oasgen-provider/internal/tools/kube/client.go:128.16,130.3 1 0
github.com/krateoplatformops/oasgen-provider/internal/tools/kube/client.go:131.2,131.12 1 1
github.com/krateoplatformops/oasgen-provider/internal/tools/kube/client.go:134.76,136.2 1 1
github.com/krateoplatformops/oasgen-provider/internal/tools/kube/client.go:138.162,140.16 2 1
github.com/krateoplatformops/oasgen-provider/internal/tools/kube/client.go:140.16,142.3 1 0
github.com/krateoplatformops/oasgen-provider/internal/tools/kube/client.go:144.2,144.31 1 1
github.com/krateoplatformops/oasgen-provider/internal/tools/kube/client.go:144.31,146.3 1 0
github.com/krateoplatformops/oasgen-provider/internal/tools/kube/client.go:147.2,150.46 3 1
github.com/krateoplatformops/oasgen-provider/internal/tools/kube/client.go:150.46,152.17 2 21
github.com/krateoplatformops/oasgen-provider/internal/tools/kube/client.go:152.17,154.4 1 0
github.com/krateoplatformops/oasgen-provider/internal/tools/kube/client.go:156.3,156.24 1 21
github.com/krateoplatformops/oasgen-provider/internal/tools/kube/client.go:156.24,160.54 2 1
github.com/krateoplatformops/oasgen-provider/internal/tools/kube/client.go:160.54,161.28 1 12
github.com/krateoplatformops/oasgen-provider/internal/tools/kube/client.go:161.28,162.14 1 0
github.com/krateoplatformops/oasgen-provider/internal/tools/kube/client.go:164.5,170.49 2 12
github.com/krateoplatformops/oasgen-provider/internal/tools/kube/client.go:170.49,172.6 1 0
github.com/krateoplatformops/oasgen-provider/internal/tools/kube/client.go:172.11,174.20 2 12
github.com/krateoplatformops/oasgen-provider/internal/tools/kube/client.go:174.20,175.59 1 3
github.com/krateoplatformops/oasgen-provider/internal/tools/kube/client.go:175.59,177.8 1 0
github.com/krateoplatformops/oasgen-provider/internal/tools/kube/client.go:180.6,180.27 1 12
github.com/krateoplatformops/oasgen-provider/internal/tools/kube/client.go:186.2,186.24 1 1
github.com/krateoplatformops/oasgen-provider/internal/tools/kube/client.go:189.164,191.16 2 3
github.com/krateoplatformops/oasgen-provider/internal/tools/kube/client.go:191.16,193.3 1 0
github.com/krateoplatformops/oasgen-provider/internal/tools/kube/client.go:195.2,195.31 1 3
github.com/krateoplatformops/oasgen-provider/internal/tools/kube/client.go:195.31,197.3 1 0
github.com/krateoplatformops/oasgen-provider/internal/tools/kube/client.go:199.2,200.46 2 3
github.com/krateoplatformops/oasgen-provider/internal/tools/kube/client.go:200.46,202.17 2 63
github.com/krateoplatformops/oasgen-provider/internal/tools/kube/client.go:202.17,204.4 1 0
github.com/krateoplatformops/oasgen-provider/internal/tools/kube/client.go:205.3,205.24 1 63
github.com/krateoplatformops/oasgen-provider/internal/tools/kube/client.go:205.24,206.54 1 2
github.com/krateoplatformops/oasgen-provider/internal/tools/kube/client.go:206.54,207.28 1 51
github.com/krateoplatformops/oasgen-provider/internal/tools/kube/client.go:207.28,208.14 1 0
github.com/krateoplatformops/oasgen-provider/internal/tools/kube/client.go:210.5,210.49 1 51
github.com/krateoplatformops/oasgen-provider/internal/tools/kube/client.go:210.49,212.6 1 0
github.com/krateoplatformops/oasgen-provider/internal/tools/kube/client.go:212.11,212.60 1 51
github.com/krateoplatformops/oasgen-provider/internal/tools/kube/client.go:212.60,214.6 1 39
github.com/krateoplatformops/oasgen-provider/internal/tools/kube/client.go:218.2,218.25 1 3
github.com/krateoplatformops/oasgen-provider/internal/tools/oas2jsonschema/oas.go:28.188,35.23 4 10
github.com/krateoplatformops/oasgen-provider/internal/tools/oas2jsonschema/oas.go:35.23,37.3 1 0
github.com/krateoplatformops/oasgen-provider/internal/tools/oas2jsonschema/oas.go:38.2,39.16 2 10
github.com/krateoplatformops/oasgen-provider/internal/tools/oas2jsonschema/oas.go:39.16,41.3 1 0
github.com/krateoplatformops/oasgen-provider/internal/tools/oas2jsonschema/oas.go:42.2,42.33 1 10
github.com/krateoplatformops/oasgen-provider/internal/tools/oas2jsonschema/oas.go:42.33,44.3 1 0
github.com/krateoplatformops/oasgen-provider/internal/tools/oas2jsonschema/oas.go:45.2,45.49 1 10
github.com/krateoplatformops/oasgen-provider/internal/tools/oas2jsonschema/oas.go:45.49,47.3 1 0
github.com/krateoplatformops/oasgen-provider/internal/tools/oas2jsonschema/oas.go:48.2,48.128 1 10
github.com/krateoplatformops/oasgen-provider/internal/tools/oas2jsonschema/oas.go:48.128,50.17 2 0
github.com/krateoplatformops/oasgen-provider/internal/tools/oas2jsonschema/oas.go:50.17,52.4 1 0
github.com/krateoplatformops/oasgen-provider/internal/tools/oas2jsonschema/oas.go:54.3,55.17 2 0
github.com/krateoplatformops/oasgen-provider/internal/tools/oas2jsonschema/oas.go:55.17,57.4 1 0
github.com/krateoplatformops/oasgen-provider/internal/tools/oas2jsonschema/oas.go:62.2,63.49 2 10
github.com/krateoplatformops/oasgen-provider/internal/tools/oas2jsonschema/oas.go:63.49,66.47 1 10
github.com/krateoplatformops/oasgen-provider/internal/tools/oas2jsonschema/oas.go:66.47,68.19 2 5
github.com/krateoplatformops/oasgen-provider/internal/tools/oas2jsonschema/oas.go:68.19,70.5 1 1
github.com/krateoplatformops/oasgen-provider/internal/tools/oas2jsonschema/oas.go:72.4,73.18 2 4
github.com/krateoplatformops/oasgen-provider/internal/tools/oas2jsonschema/oas.go:73.18,75.5 1 0
github.com/krateoplatformops/oasgen-provider/internal/tools/oas2jsonschema/oas.go:77.4,78.17 2 4
github.com/krateoplatformops/oasgen-provider/internal/tools/oas2jsonschema/oas.go:78.17,80.5 1 1
github.com/krateoplatformops/oasgen-provider/internal/tools/oas2jsonschema/oas.go:81.4,81.29 1 3
github.com/krateoplatformops/oasgen-provider/internal/tools/oas2jsonschema/oas.go:81.29,83.5 1 3
github.com/krateoplatformops/oasgen-provider/internal/tools/oas2jsonschema/oas.go:84.4,84.25 1 3
github.com/krateoplatformops/oasgen-provider/internal/tools/oas2jsonschema/oas.go:84.25,86.5 1 0
github.com/krateoplatformops/oasgen-provider/internal/tools/oas2jsonschema/oas.go:87.4,88.18 2 3
github.com/krateoplatformops/oasgen-provider/internal/tools/oas2jsonschema/oas.go:88.18,90.5 1 0
github.com/krateoplatformops/oasgen-provider/internal/tools/oas2jsonschema/oas.go:91.4,91.28 1 3
github.com/krateoplatformops/oasgen-provider/internal/tools/oas2jsonschema/oas.go:91.28,92.34 1 3
github.com/krateoplatformops/oasgen-provider/internal/tools/oas2jsonschema/oas.go:92.34,100.6 3 1
github.com/krateoplatformops/oasgen-provider/internal/tools/oas2jsonschema/oas.go:103.4,103.29 1 3
github.com/krateoplatformops/oasgen-provider/internal/tools/oas2jsonschema/oas.go:107.3,107.29 1 8
github.com/krateoplatformops/oasgen-provider/internal/tools/oas2jsonschema/oas.go:107.29,115.21 3 0
github.com/krateoplatformops/oasgen-provider/internal/tools/oas2jsonschema/oas.go:115.21,124.19 5 0
github.com/krateoplatformops/oasgen-provider/internal/tools/oas2jsonschema/oas.go:124.19,126.6 1 0
github.com/krateoplatformops/oasgen-provider/internal/tools/oas2jsonschema/oas.go:128.10,129.33 1 0
github.com/krateoplatformops/oasgen-provider/internal/tools/oas2jsonschema/oas.go:129.33,131.6 1 0
github.com/krateoplatformops/oasgen-provider/internal/tools/oas2jsonschema/oas.go:132.5,133.26 2 0
github.com/krateoplatformops/oasgen-provider/internal/tools/oas2jsonschema/oas.go:136.3,136.34 1 8
github.com/krateoplatformops/oasgen-provider/internal/tools/oas2jsonschema/oas.go:136.34,138.30 2 0
github.com/krateoplatformops/oasgen-provider/internal/tools/oas2jsonschema/oas.go:138.30,140.5 1 0
github.com/krateoplatformops/oasgen-provider/internal/tools/oas2jsonschema/oas.go:142.4,143.18 2 0
github.com/krateoplatformops/oasgen-provider/internal/tools/oas2jsonschema/oas.go:143.18,145.5 1 0
github.com/krateoplatformops/oasgen-provider/internal/tools/oas2jsonschema/oas.go:147.4,147.18 1 0
github.com/krateoplatformops/oasgen-provider/internal/tools/oas2jsonschema/oas.go:147.18,155.19 3 0
github.com/krateoplatformops/oasgen-provider/internal/tools/oas2jsonschema/oas.go:155.19,157.6 1 0
github.com/krateoplatformops/oasgen-provider/internal/tools/oas2jsonschema/oas.go:160.4,160.29 1 0
github.com/krateoplatformops/oasgen-provider/internal/tools/oas2jsonschema/oas.go:160.29,162.5 1 0
github.com/krateoplatformops/oasgen-provider/internal/tools/oas2jsonschema/oas.go:163.4,164.68 1 0
github.com/krateoplatformops/oasgen-provider/internal/tools/oas2jsonschema/oas.go:168.3,168.50 1 8
github.com/krateoplatformops/oasgen-provider/internal/tools/oas2jsonschema/oas.go:168.50,169.75 1 20
github.com/krateoplatformops/oasgen-provider/internal/tools/oas2jsonschema/oas.go:169.75,172.19 3 212
github.com/krateoplatformops/oasgen-provider/internal/tools/oas2jsonschema/oas.go:172.19,173.14 1 0
github.com/krateoplatformops/oasgen-provider/internal/tools/oas2jsonschema/oas.go:176.4,177.19 2 20
github.com/krateoplatformops/oasgen-provider/internal/tools/oas2jsonschema/oas.go:177.19,179.5 1 0
github.com/krateoplatformops/oasgen-provider/internal/tools/oas2jsonschema/oas.go:180.4,181.18 2 20
github.com/krateoplatformops/oasgen-provider/internal/tools/oas2jsonschema/oas.go:181.18,182.13 1 0
github.com/krateoplatformops/oasgen-provider/internal/tools/oas2jsonschema/oas.go:184.4,184.53 1 20
github.com/krateoplatformops/oasgen-provider/internal/tools/oas2jsonschema/oas.go:184.53,185.49 1 44
github.com/krateoplatformops/oasgen-provider/internal/tools/oas2jsonschema/oas.go:185.49,186.56 1 50
github.com/krateoplatformops/oasgen-provider/internal/tools/oas2jsonschema/oas.go:186.56,188.15 2 46
github.com/krateoplatformops/oasgen-provider/internal/tools/oas2jsonschema/oas.go:191.6,193.33 3 4
github.com/krateoplatformops/oasgen-provider/internal/tools/oas2jsonschema/oas.go:193.33,195.7 1 0
github.com/krateoplatformops/oasgen-provider/internal/tools/oas2jsonschema/oas.go:196.6,197.20 2 4
github.com/krateoplatformops/oasgen-provider/internal/tools/oas2jsonschema/oas.go:197.20,199.7 1 0
github.com/krateoplatformops/oasgen-provider/internal/tools/oas2jsonschema/oas.go:200.6,200.142 1 4
github.com/krateoplatformops/oasgen-provider/internal/tools/oas2jsonschema/oas.go:206.3,206.20 1 8
github.com/krateoplatformops/oasgen-provider/internal/tools/oas2jsonschema/oas.go:206.20,208.4 1 0
github.com/krateoplatformops/oasgen-provider/internal/tools/oas2jsonschema/oas.go:211.3,211.42 1 8
github.com/krateoplatformops/oasgen-provider/internal/tools/oas2jsonschema/oas.go:211.42,213.11 2 6
github.com/krateoplatformops/oasgen-provider/internal/tools/oas2jsonschema/oas.go:213.11,218.5 1 2
github.com/krateoplatformops/oasgen-provider/internal/tools/oas2jsonschema/oas.go:221.3,222.17 2 8
github.com/krateoplatformops/oasgen-provider/internal/tools/oas2jsonschema/oas.go:222.17,225.4 1 0
github.com/krateoplatformops/oasgen-provider/internal/tools/oas2jsonschema/oas.go:227.3,227.45 1 8
github.com/krateoplatformops/oasgen-provider/internal/tools/oas2jsonschema/oas.go:232.2,232.81 1 8
github.com/krateoplatformops/oasgen-provider/internal/tools/oas2jsonschema/oas.go:232.81,234.3 1 3
github.com/krateoplatformops/oasgen-provider/internal/tools/oas2jsonschema/oas.go:236.2,244.16 5 8
github.com/krateoplatformops/oasgen-provider/internal/tools/oas2jsonschema/oas.go:244.16,246.3 1 0
github.com/krateoplatformops/oasgen-provider/internal/tools/oas2jsonschema/oas.go:249.2,249.27 1 8
github.com/krateoplatformops/oasgen-provider/internal/tools/oas2jsonschema/oas.go:249.27,251.17 2 6
github.com/krateoplatformops/oasgen-provider/internal/tools/oas2jsonschema/oas.go:251.17,253.4 1 0
github.com/krateoplatformops/oasgen-provider/internal/tools/oas2jsonschema/oas.go:256.2,256.55 1 8
github.com/krateoplatformops/oasgen-provider/internal/tools/oas2jsonschema/oas.go:256.55,260.3 1 3
github.com/krateoplatformops/oasgen-provider/internal/tools/oas2jsonschema/oas.go:263.2,263.44 1 8
github.com/krateoplatformops/oasgen-provider/internal/tools/oas2jsonschema/oas.go:263.44,264.64 1 22
github.com/krateoplatformops/oasgen-provider/internal/tools/oas2jsonschema/oas.go:264.64,266.31 2 11
github.com/krateoplatformops/oasgen-provider/internal/tools/oas2jsonschema/oas.go:266.31,268.13 2 10
github.com/krateoplatformops/oasgen-provider/internal/tools/oas2jsonschema/oas.go:272.3,276.6 2 12
github.com/krateoplatformops/oasgen-provider/internal/tools/oas2jsonschema/oas.go:280.2,286.16 3 8
github.com/krateoplatformops/oasgen-provider/internal/tools/oas2jsonschema/oas.go:286.16,288.3 1 0
github.com/krateoplatformops/oasgen-provider/internal/tools/oas2jsonschema/oas.go:290.2,291.16 2 8
github.com/krateoplatformops/oasgen-provider/internal/tools/oas2jsonschema/oas.go:291.16,293.3 1 0
github.com/krateoplatformops/oasgen-provider/internal/tools/oas2jsonschema/oas.go:295.2,302.30 2 8
github.com/krateoplatformops/oasgen-provider/internal/tools/oas2jsonschema/oas.go:302.30,307.30 3 6
github.com/krateoplatformops/oasgen-provider/internal/tools/oas2jsonschema/oas.go:307.30,310.39 3 3
github.com/krateoplatformops/oasgen-provider/internal/tools/oas2jsonschema/oas.go:310.39,312.5 1 3
github.com/krateoplatformops/oasgen-provider/internal/tools/oas2jsonschema/oas.go:313.9,315.4 1 3
github.com/krateoplatformops/oasgen-provider/internal/tools/oas2jsonschema/oas.go:319.2,319.23 1 8
github.com/krateoplatformops/oasgen-provider/internal/tools/oas2jsonschema/oas.go:322.119,327.29 3 22
github.com/krateoplatformops/oasgen-provider/internal/tools/oas2jsonschema/oas.go:327.29,329.3 1 37
github.com/krateoplatformops/oasgen-provider/internal/tools/oas2jsonschema/oas.go:332.2,333.29 2 22
github.com/krateoplatformops/oasgen-provider/internal/tools/oas2jsonschema/oas.go:333.29,335.3 1 17
github.com/krateoplatformops/oasgen-provider/internal/tools/oas2jsonschema/oas.go:335.8,335.39 1 5
github.com/krateoplatformops/oasgen-provider/internal/tools/oas2jsonschema/oas.go:335.39,337.3 1 1
github.com/krateoplatformops/oasgen-provider/internal/tools/oas2jsonschema/oas.go:339.2,339.22 1 22
github.com/krateoplatformops/oasgen-provider/internal/tools/oas2jsonschema/oas.go:339.22,342.3 2 4
github.com/krateoplatformops/oasgen-provider/internal/tools/oas2jsonschema/oas.go:345.2,345.63 1 18
github.com/krateoplatformops/oasgen-provider/internal/tools/oas2jsonschema/oas.go:345.63,346.40 1 36
github.com/krateoplatformops/oasgen-provider/internal/tools/oas2jsonschema/oas.go:346.40,348.4 1 15
github.com/krateoplatformops/oasgen-provider/internal/tools/oas2jsonschema/oas.go:350.2,350.55 1 18
github.com/krateoplatformops/oasgen-provider/internal/tools/oas2jsonschema/oas.go:350.55,352.3 1 2
github.com/krateoplatformops/oasgen-provider/internal/tools/oas2jsonschema/oas.go:354.2,354.15 1 18
github.com/krateoplatformops/oasgen-provider/internal/tools/oas2jsonschema/oas.go:357.157,361.16 3 17
github.com/krateoplatformops/oasgen-provider/internal/tools/oas2jsonschema/oas.go:361.16,363.3 1 0
github.com/krateoplatformops/oasgen-provider/internal/tools/oas2jsonschema/oas.go:364.2,364.20 1 17
github.com/krateoplatformops/oasgen-provider/internal/tools/oas2jsonschema/oas.go:364.20,366.3 1 1
github.com/krateoplatformops/oasgen-provider/internal/tools/oas2jsonschema/oas.go:368.2,369.16 2 17
github.com/krateoplatformops/oasgen-provider/internal/tools/oas2jsonschema/oas.go:369.16,371.3 1 0
github.com/krateoplatformops/oasgen-provider/internal/tools/oas2jsonschema/oas.go:372.2,372.20 1 17
github.com/krateoplatformops/oasgen-provider/internal/tools/oas2jsonschema/oas.go:372.20,374.3 1 1
github.com/krateoplatformops/oasgen-provider/internal/tools/oas2jsonschema/oas.go:376.2,376.46 1 17
github.com/krateoplatformops/oasgen-provider/internal/tools/oas2jsonschema/oas.go:381.73,385.38 2 25
github.com/krateoplatformops/oasgen-provider/internal/tools/oas2jsonschema/oas.go:385.38,387.3 1 0
github.com/krateoplatformops/oasgen-provider/internal/tools/oas2jsonschema/oas.go:388.2,388.20 1 25
github.com/krateoplatformops/oasgen-provider/internal/tools/oas2jsonschema/oas.go:388.20,390.3 1 1
github.com/krateoplatformops/oasgen-provider/internal/tools/oas2jsonschema/oas.go:391.2,391.20 1 24
github.com/krateoplatformops/oasgen-provider/internal/tools/oas2jsonschema/oas.go:391.20,393.3 1 1
github.com/krateoplatformops/oasgen-provider/internal/tools/oas2jsonschema/oas.go:397.2,401.42 3 23
github.com/krateoplatformops/oasgen-provider/internal/tools/oas2jsonschema/oas.go:401.42,402.54 1 3
github.com/krateoplatformops/oasgen-provider/internal/tools/oas2jsonschema/oas.go:402.54,404.4 1 1
github.com/krateoplatformops/oasgen-provider/internal/tools/oas2jsonschema/oas.go:405.3,405.16 1 3
github.com/krateoplatformops/oasgen-provider/internal/tools/oas2jsonschema/oas.go:409.2,409.41 1 20
github.com/krateoplatformops/oasgen-provider/internal/tools/oas2jsonschema/oas.go:409.41,413.3 2 0
github.com/krateoplatformops/oasgen-provider/internal/tools/oas2jsonschema/oas.go:414.2,414.41 1 20
github.com/krateoplatformops/oasgen-provider/internal/tools/oas2jsonschema/oas.go:414.41,417.3 2 0
github.com/krateoplatformops/oasgen-provider/internal/tools/oas2jsonschema/oas.go:421.2,421.74 1 20
github.com/krateoplatformops/oasgen-provider/internal/tools/oas2jsonschema/oas.go:421.74,426.30 4 40
github.com/krateoplatformops/oasgen-provider/internal/tools/oas2jsonschema/oas.go:426.30,428.12 1 0
github.com/krateoplatformops/oasgen-provider/internal/tools/oas2jsonschema/oas.go:431.3,434.18 3 40
github.com/krateoplatformops/oasgen-provider/internal/tools/oas2jsonschema/oas.go:434.18,436.12 2 1
github.com/krateoplatformops/oasgen-provider/internal/tools/oas2jsonschema/oas.go:438.3,438.18 1 39
github.com/krateoplatformops/oasgen-provider/internal/tools/oas2jsonschema/oas.go:438.18,440.12 2 1
github.com/krateoplatformops/oasgen-provider/internal/tools/oas2jsonschema/oas.go:445.3,447.62 2 38
github.com/krateoplatformops/oasgen-provider/internal/tools/oas2jsonschema/oas.go:447.62,449.12 2 6
github.com/krateoplatformops/oasgen-provider/internal/tools/oas2jsonschema/oas.go:457.3,457.43 1 32
github.com/krateoplatformops/oasgen-provider/internal/tools/oas2jsonschema/oas.go:458.17,460.85 1 3
github.com/krateoplatformops/oasgen-provider/internal/tools/oas2jsonschema/oas.go:461.16,462.60 1 5
github.com/krateoplatformops/oasgen-provider/internal/tools/oas2jsonschema/oas.go:462.60,466.20 3 5
github.com/krateoplatformops/oasgen-provider/internal/tools/oas2jsonschema/oas.go:466.20,468.6 1 0
github.com/krateoplatformops/oasgen-provider/internal/tools/oas2jsonschema/oas.go:469.5,469.20 1 5
github.com/krateoplatformops/oasgen-provider/internal/tools/oas2jsonschema/oas.go:469.20,471.6 1 0
github.com/krateoplatformops/oasgen-provider/internal/tools/oas2jsonschema/oas.go:473.5,473.39 1 5
github.com/krateoplatformops/oasgen-provider/internal/tools/oas2jsonschema/oas.go:473.39,475.6 1 5
github.com/krateoplatformops/oasgen-provider/internal/tools/oas2jsonschema/oas.go:475.11,475.46 1 0
github.com/krateoplatformops/oasgen-provider/internal/tools/oas2jsonschema/oas.go:475.46,477.6 1 0
github.com/krateoplatformops/oasgen-provider/internal/tools/oas2jsonschema/oas.go:477.11,477.46 1 0
github.com/krateoplatformops/oasgen-provider/internal/tools/oas2jsonschema/oas.go:477.46,479.6 1 0
github.com/krateoplatformops/oasgen-provider/internal/tools/oas2jsonschema/oas.go:480.10,480.67 1 0
github.com/krateoplatformops/oasgen-provider/internal/tools/oas2jsonschema/oas.go:480.67,482.5 1 0
github.com/krateoplatformops/oasgen-provider/internal/tools/oas2jsonschema/oas.go:482.10,482.67 1 0
github.com/krateoplatformops/oasgen-provider/internal/tools/oas2jsonschema/oas.go:482.67,484.5 1 0
github.com/krateoplatformops/oasgen-provider/internal/tools/oas2jsonschema/oas.go:488.2,488.15 1 20
github.com/krateoplatformops/oasgen-provider/internal/tools/oas2jsonschema/oas.go:491.43,492.17 1 40
github.com/krateoplatformops/oasgen-provider/internal/tools/oas2jsonschema/oas.go:492.17,494.3 1 31
github.com/krateoplatformops/oasgen-provider/internal/tools/oas2jsonschema/oas.go:495.2,495.42 1 9
github.com/krateoplatformops/oasgen-provider/internal/tools/oas2jsonschema/oas.go:504.44,505.26 1 156
github.com/krateoplatformops/oasgen-provider/internal/tools/oas2jsonschema/oas.go:505.26,506.18 1 159
github.com/krateoplatformops/oasgen-provider/internal/tools/oas2jsonschema/oas.go:506.18,508.4 1 146
github.com/krateoplatformops/oasgen-provider/internal/tools/oas2jsonschema/oas.go:510.2,510.11 1 10
github.com/krateoplatformops/oasgen-provider/internal/tools/oas2jsonschema/oas.go:519.55,524.46 3 54
github.com/krateoplatformops/oasgen-provider/internal/tools/oas2jsonschema/oas.go:524.46,527.35 2 49
github.com/krateoplatformops/oasgen-provider/internal/tools/oas2jsonschema/oas.go:527.35,529.4 1 10
github.com/krateoplatformops/oasgen-provider/internal/tools/oas2jsonschema/oas.go:529.9,531.4 1 39
github.com/krateoplatformops/oasgen-provider/internal/tools/oas2jsonschema/oas.go:532.3,532.38 1 49
github.com/krateoplatformops/oasgen-provider/internal/tools/oas2jsonschema/oas.go:538.2,538.46 1 5
github.com/krateoplatformops/oasgen-provider/internal/tools/oas2jsonschema/oas.go:538.46,541.28 2 2
github.com/krateoplatformops/oasgen-provider/internal/tools/oas2jsonschema/oas.go:541.28,542.19 1 3
github.com/krateoplatformops/oasgen-provider/internal/tools/oas2jsonschema/oas.go:542.19,545.5 2 1
github.com/krateoplatformops/oasgen-provider/internal/tools/oas2jsonschema/oas.go:547.3,548.15 2 1
github.com/krateoplatformops/oasgen-provider/internal/tools/oas2jsonschema/oas.go:551.2,551.46 1 3
github.com/krateoplatformops/oasgen-provider/internal/tools/oas2jsonschema/oas.go:551.46,554.28 2 1
github.com/krateoplatformops/oasgen-provider/internal/tools/oas2jsonschema/oas.go:554.28,555.19 1 1
github.com/krateoplatformops/oasgen-provider/internal/tools/oas2jsonschema/oas.go:555.19,558.5 2 0
github.com/krateoplatformops/oasgen-provider/internal/tools/oas2jsonschema/oas.go:560.3,561.15 2 1
github.com/krateoplatformops/oasgen-provider/internal/tools/oas2jsonschema/oas.go:565.2,566.13 2 2
github.com/krateoplatformops/oasgen-provider/internal/tools/oas2jsonschema/oas.go:569.161,570.29 1 53
github.com/krateoplatformops/oasgen-provider/internal/tools/oas2jsonschema/oas.go:570.29,571.52 1 68
github.com/krateoplatformops/oasgen-provider/internal/tools/oas2jsonschema/oas.go:571.52,572.12 1 27
github.com/krateoplatformops/oasgen-provider/internal/tools/oas2jsonschema/oas.go:575.3,580.18 5 41
github.com/krateoplatformops/oasgen-provider/internal/tools/oas2jsonschema/oas.go:580.18,581.12 1 0
github.com/krateoplatformops/oasgen-provider/internal/tools/oas2jsonschema/oas.go:584.3,585.17 2 41
github.com/krateoplatformops/oasgen-provider/internal/tools/oas2jsonschema/oas.go:585.17,586.12 1 0
github.com/krateoplatformops/oasgen-provider/internal/tools/oas2jsonschema/oas.go:589.3,590.16 2 41
github.com/krateoplatformops/oasgen-provider/internal/tools/oas2jsonschema/oas.go:590.16,591.12 1 0
github.com/krateoplatformops/oasgen-provider/internal/tools/oas2jsonschema/oas.go:594.3,594.26 1 41
github.com/krateoplatformops/oasgen-provider/internal/tools/oas2jsonschema/oas.go:594.26,595.12 1 0
github.com/krateoplatformops/oasgen-provider/internal/tools/oas2jsonschema/oas.go:599.3,599.65 1 41
github.com/krateoplatformops/oasgen-provider/internal/tools/oas2jsonschema/oas.go:599.65,601.19 2 55
github.com/krateoplatformops/oasgen-provider/internal/tools/oas2jsonschema/oas.go:601.19,602.13 1 17
github.com/krateoplatformops/oasgen-provider/internal/tools/oas2jsonschema/oas.go:605.4,605.27 1 38
github.com/krateoplatformops/oasgen-provider/internal/tools/oas2jsonschema/oas.go:605.27,606.13 1 0
github.com/krateoplatformops/oasgen-provider/internal/tools/oas2jsonschema/oas.go:609.4,610.51 2 38
github.com/krateoplatformops/oasgen-provider/internal/tools/oas2jsonschema/oas.go:610.51,611.13 1 1
github.com/krateoplatformops/oasgen-provider/internal/tools/oas2jsonschema/oas.go:614.4,616.18 3 37
github.com/krateoplatformops/oasgen-provider/internal/tools/oas2jsonschema/oas.go:616.18,618.5 1 0
github.com/krateoplatformops/oasgen-provider/internal/tools/oas2jsonschema/oas.go:620.4,622.67 2 37
github.com/krateoplatformops/oasgen-provider/internal/tools/oas2jsonschema/oas.go:622.67,624.5 1 4
github.com/krateoplatformops/oasgen-provider/internal/tools/oas2jsonschema/oas.go:625.4,625.17 1 33
github.com/krateoplatformops/oasgen-provider/internal/tools/oas2jsonschema/oas.go:628.2,628.17 1 16
github.com/krateoplatformops/oasgen-provider/internal/tools/oas2jsonschema/oas.go:633.51,634.55 1 19
github.com/krateoplatformops/oasgen-provider/internal/tools/oas2jsonschema/oas.go:634.55,635.26 1 3
github.com/krateoplatformops/oasgen-provider/internal/tools/oas2jsonschema/oas.go:635.26,636.27 1 3
github.com/krateoplatformops/oasgen-provider/internal/tools/oas2jsonschema/oas.go:636.27,638.19 2 3
github.com/krateoplatformops/oasgen-provider/internal/tools/oas2jsonschema/oas.go:638.19,640.6 1 0
github.com/krateoplatformops/oasgen-provider/internal/tools/oas2jsonschema/oas.go:642.5,642.27 1 3
github.com/krateoplatformops/oasgen-provider/internal/tools/oas2jsonschema/oas.go:645.3,645.13 1 3
github.com/krateoplatformops/oasgen-provider/internal/tools/oas2jsonschema/oas.go:647.2,647.73 1 16
github.com/krateoplatformops/oasgen-provider/internal/tools/oas2jsonschema/oas.go:647.73,649.17 2 13
github.com/krateoplatformops/oasgen-provider/internal/tools/oas2jsonschema/oas.go:649.17,651.4 1 0
github.com/krateoplatformops/oasgen-provider/internal/tools/oas2jsonschema/oas.go:652.3,652.25 1 13
github.com/krateoplatformops/oasgen-provider/internal/tools/oas2jsonschema/oas.go:654.2,654.37 1 16
github.com/krateoplatformops/oasgen-provider/internal/tools/oas2jsonschema/oas.go:654.37,657.17 3 0
github.com/krateoplatformops/oasgen-provider/internal/tools/oas2jsonschema/oas.go:657.17,659.4 1 0
github.com/krateoplatformops/oasgen-provider/internal/tools/oas2jsonschema/oas.go:661.3,661.78 1 0
github.com/krateoplatformops/oasgen-provider/internal/tools/oas2jsonschema/oas.go:661.78,662.32 1 0
github.com/krateoplatformops/oasgen-provider/internal/tools/oas2jsonschema/oas.go:662.32,664.5 1 0
github.com/krateoplatformops/oasgen-provider/internal/tools/oas2jsonschema/oas.go:666.4,666.51 1 0
github.com/krateoplatformops/oasgen-provider/internal/tools/oas2jsonschema/oas.go:669.2,669.12 1 16
github.com/krateoplatformops/oasgen-provider/internal/tools/oas2jsonschema/oas.go:672.80,676.2 1 2
github.com/krateoplatformops/oasgen-provider/internal/tools/oas2jsonschema/oas.go:684.57,686.2 1 2
github.com/krateoplatformops/oasgen-provider/internal/tools/oas2jsonschema/oas.go:688.82,692.2 1 5
github.com/krateoplatformops/oasgen-provider/internal/tools/oas2jsonschema/oas.go:700.59,702.2 1 5
github.com/krateoplatformops/oasgen-provider/internal/tools/oas2jsonschema/oas.go:704.100,709.2 1 0
github.com/krateoplatformops/oasgen-provider/internal/tools/oas2jsonschema/oas.go:718.57,720.2 1 0
github.com/krateoplatformops/oasgen-provider/internal/tools/oas2jsonschema/oas.go:724.55,726.2 1 0
github.com/krateoplatformops/oasgen-provider/internal/tools/oas2jsonschema/oas.go:731.56,733.2 1 0
github.com/krateoplatformops/oasgen-provider/internal/tools/objects/object.go:15.144,17.16 2 1
github.com/krateoplatformops/oasgen-provider/internal/tools/objects/object.go:17.16,19.3 1 0
github.com/krateoplatformops/oasgen-provider/internal/tools/objects/object.go:21.2,29.34 2 1
github.com/krateoplatformops/oasgen-provider/internal/tools/objects/object.go:29.34,31.3 1 0
github.com/krateoplatformops/oasgen-provider/internal/tools/objects/object.go:32.2,32.48 1 1
github.com/krateoplatformops/oasgen-provider/internal/tools/objects/object.go:32.48,34.10 2 1
github.com/krateoplatformops/oasgen-provider/internal/tools/objects/object.go:34.10,36.4 1 0
github.com/krateoplatformops/oasgen-provider/internal/tools/objects/object.go:37.3,37.38 1 1
github.com/krateoplatformops/oasgen-provider/internal/tools/objects/object.go:40.2,42.16 3 1
github.com/krateoplatformops/oasgen-provider/internal/tools/objects/object.go:42.16,44.3 1 0
github.com/krateoplatformops/oasgen-provider/internal/tools/objects/object.go:45.2,50.16 3 1
github.com/krateoplatformops/oasgen-provider/internal/tools/objects/object.go:50.16,52.3 1 0
github.com/krateoplatformops/oasgen-provider/internal/tools/objects/object.go:53.2,53.12 1 1
github.com/krateoplatformops/oasgen-provider/internal/tools/objects/templates/templates.go:19.48,20.25 1 1
github.com/krateoplatformops/oasgen-provider/internal/tools/objects/templates/templates.go:20.25,22.3 1 0
github.com/krateoplatformops/oasgen-provider/internal/tools/objects/templates/templates.go:24.2,24.30 1 1
github.com/krateoplatformops/oasgen-provider/internal/tools/objects/templates/templates.go:24.30,26.3 1 0
github.com/krateoplatformops/oasgen-provider/internal/tools/objects/templates/templates.go:28.2,36.15 2 1
github.com/krateoplatformops/oasgen-provider/internal/tools/objects/templates/templates.go:41.65,43.16 2 1
github.com/krateoplatformops/oasgen-provider/internal/tools/objects/templates/templates.go:43.16,45.3 1 0
github.com/krateoplatformops/oasgen-provider/internal/tools/objects/templates/templates.go:47.2,48.50 2 1
github.com/krateoplatformops/oasgen-provider/internal/tools/objects/templates/templates.go:48.50,50.3 1 0
github.com/krateoplatformops/oasgen-provider/internal/tools/objects/templates/templates.go:52.2,52.25 1 1
github.com/krateoplatformops/oasgen-provider/internal/tools/plurals/gvr.go:10.86,16.2 1 1
github.com/krateoplatformops/oasgen-provider/internal/tools/text/text.go:10.45,11.13 1 20
github.com/krateoplatformops/oasgen-provider/internal/tools/text/text.go:11.13,13.3 1 1
github.com/krateoplatformops/oasgen-provider/internal/tools/text/text.go:14.2,16.41 3 19
github.com/krateoplatformops/oasgen-provider/internal/tools/text/text.go:19.36,21.38 2 0
github.com/krateoplatformops/oasgen-provider/internal/tools/text/text.go:21.38,23.3 1 0
github.com/krateoplatformops/oasgen-provider/internal/tools/text/text.go:24.2,25.13 2 0
github.com/krateoplatformops/oasgen-provider/internal/tools/text/text.go:25.13,27.3 1 0
github.com/krateoplatformops/oasgen-provider/internal/tools/text/text.go:28.2,28.30 1 0
github.com/krateoplatformops/oasgen-provider/internal/tools/text/text.go:32.36,34.57 2 8
github.com/krateoplatformops/oasgen-provider/internal/tools/text/text.go:34.57,35.55 1 15
github.com/krateoplatformops/oasgen-provider/internal/tools/text/text.go:35.55,38.4 1 1
github.com/krateoplatformops/oasgen-provider/internal/tools/text/text.go:39.3,39.44 1 15
github.com/krateoplatformops/oasgen-provider/internal/tools/text/text.go:41.2,41.21 1 8
github.com/krateoplatformops/oasgen-provider/internal/tools/text/text.go:44.67,47.22 3 8
github.com/krateoplatformops/oasgen-provider/internal/tools/text/text.go:47.22,48.21 1 57
github.com/krateoplatformops/oasgen-provider/internal/tools/text/text.go:48.21,51.4 2 8
github.com/krateoplatformops/oasgen-provider/internal/tools/text/text.go:51.9,53.4 1 49
github.com/krateoplatformops/oasgen-provider/internal/tools/text/text.go:55.2,55.19 1 8
github.com/krateoplatformops/oasgen-provider/internal/tools/text/text.go:55.19,57.3 1 7
github.com/krateoplatformops/oasgen-provider/internal/tools/text/text.go:58.2,58.11 1 8
github.com/krateoplatformops/oasgen-provider/internal/tools/text/text.go:61.41,62.47 1 57
github.com/krateoplatformops/oasgen-provider/internal/tools/text/text.go:62.47,64.3 1 49
github.com/krateoplatformops/oasgen-provider/internal/tools/text/text.go:65.2,65.13 1 8
